#
# A fatal error has been detected by the Java Runtime Environment:
#
#  EXCEPTION_UNCAUGHT_CXX_EXCEPTION (0xe06d7363) at pc=0x00007ff91b5d53ac, pid=9456, tid=4636
#
# JRE version: Java(TM) SE Runtime Environment (17.0.9+11) (build 17.0.9+11-LTS-201)
# Java VM: Java HotSpot(TM) 64-Bit Server VM (17.0.9+11-LTS-201, mixed mode, sharing, tiered, compressed oops, compressed class ptrs, g1 gc, windows-amd64)
# Problematic frame:
# C  [KERNELBASE.dll+0x653ac]
#
# No core dump will be written. Minidumps are not enabled by default on client versions of Windows
#
# If you would like to submit a bug report, please visit:
#   https://bugreport.java.com/bugreport/crash.jsp
# The crash happened outside the Java Virtual Machine in native code.
# See problematic frame for where to report the bug.
#

---------------  S U M M A R Y ------------

Command Line: -javaagent:D:\IntelliJ IDEA 2023.3.2\lib\idea_rt.jar=54300:D:\IntelliJ IDEA 2023.3.2\bin -Dfile.encoding=UTF-8 blockchain.Main

Host: Intel(R) Core(TM) i5-8300H CPU @ 2.30GHz, 8 cores, 15G,  Windows 11 , 64 bit Build 22621 (10.0.22621.3374)
Time: Mon Apr 29 11:21:04 2024  Windows 11 , 64 bit Build 22621 (10.0.22621.3374) elapsed time: 533.966115 seconds (0d 0h 8m 53s)

---------------  T H R E A D  ---------------

Current thread (0x000001935b98b230):  JavaThread "main" [_thread_in_native, id=4636, stack(0x0000004afcb00000,0x0000004afcc00000)]

Stack: [0x0000004afcb00000,0x0000004afcc00000],  sp=0x0000004afcbfb820,  free space=1006k
Native frames: (J=compiled Java code, j=interpreted, Vv=VM code, C=native code)
C  [KERNELBASE.dll+0x653ac]
C  [VCRUNTIME140.dll+0x66c0]
C  [librocksdbjni6771509635721234217.dll+0x59a1eb]

Java frames: (J=compiled Java code, j=interpreted, Vv=VM code)
j  org.rocksdb.RocksDB.open(JLjava/lang/String;)J+0
j  org.rocksdb.RocksDB.open(Lorg/rocksdb/Options;Ljava/lang/String;)Lorg/rocksdb/RocksDB;+9
j  blockchain.util.NewRocksDBUtils.<init>(Ljava/lang/String;)V+25
j  blockchain.additional.Experiment.showExtensionNodes()V+100
j  blockchain.Main.main([Ljava/lang/String;)V+0
v  ~StubRoutines::call_stub

siginfo: EXCEPTION_UNCAUGHT_CXX_EXCEPTION (0xe06d7363), ExceptionInformation=0x0000000019930520 0x0000004afcbfb980 0x00007ff8dad35470 0x00007ff8da640000 


Register to memory mapping:

RIP=0x00007ff91b5d53ac KERNELBASE.dll
RAX=0x0 is NULL
RBX=0x00007ff8dad35470 librocksdbjni6771509635721234217.dll
RCX=0x0000004afcbfac00 is pointing into the stack for thread: 0x000001935b98b230
RDX=0x0000000000000002 is an unknown value
RSP=0x0000004afcbfb820 is pointing into the stack for thread: 0x000001935b98b230
RBP=0x0000000000000001 is an unknown value
RSI=0x0000004afcbfb980 is pointing into the stack for thread: 0x000001935b98b230
RDI=0x0000000019930520 is an unknown value
R8 =0x0 is NULL
R9 =0x0000004afcbfb140 is pointing into the stack for thread: 0x000001935b98b230
R10=0x00007ff91bd32c5f ucrtbase.dll
R11=0x0000004afcbfb200 is pointing into the stack for thread: 0x000001935b98b230
R12=0x0000004afcbfbb60 is pointing into the stack for thread: 0x000001935b98b230
R13=0x0000000000000001 is an unknown value
R14=0x0000000000100000 is an unknown value
R15=0x0000000000000050 is an unknown value


Registers:
RAX=0x0000000000000000, RBX=0x00007ff8dad35470, RCX=0x0000004afcbfac00, RDX=0x0000000000000002
RSP=0x0000004afcbfb820, RBP=0x0000000000000001, RSI=0x0000004afcbfb980, RDI=0x0000000019930520
R8 =0x0000000000000000, R9 =0x0000004afcbfb140, R10=0x00007ff91bd32c5f, R11=0x0000004afcbfb200
R12=0x0000004afcbfbb60, R13=0x0000000000000001, R14=0x0000000000100000, R15=0x0000000000000050
RIP=0x00007ff91b5d53ac, EFLAGS=0x0000000000000206

Top of Stack: (sp=0x0000004afcbfb820)
0x0000004afcbfb820:   000001935b690d50 00007ff8dad35470
0x0000004afcbfb830:   0000004afcbfb980 0000000000000010
0x0000004afcbfb840:   00000081e06d7363 0000000000000000
0x0000004afcbfb850:   00007ff91b5d53ac 0000000000000004
0x0000004afcbfb860:   0000000019930520 0000004afcbfb980
0x0000004afcbfb870:   00007ff8dad35470 00007ff8da640000
0x0000004afcbfb880:   0000019300000000 0000019300000002
0x0000004afcbfb890:   0000000000000000 00007ff8dad35470
0x0000004afcbfb8a0:   0000000000100000 00007ff91e2065af
0x0000004afcbfb8b0:   0000004afcbfb920 00007ff8dad6e000
0x0000004afcbfb8c0:   0000004afcbfb980 0000000019930520
0x0000004afcbfb8d0:   00007ff8dad6e000 00007ff8da640000
0x0000004afcbfb8e0:   0000b40df66790e8 00007ff91b593d4b
0x0000004afcbfb8f0:   00007ff8dad35470 00007ff903b566c0
0x0000004afcbfb900:   0000ba7e5592ec69 0000019347c6a400
0x0000004afcbfb910:   0000000000000008 00007ff91bd40475 

Instructions: (pc=0x00007ff91b5d53ac)
0x00007ff91b5d52ac:   ff 4c 8d 05 54 69 2c 00 33 d2 b9 00 00 10 00 e8
0x00007ff91b5d52bc:   70 92 fd ff 4c 8b f0 48 89 44 24 58 48 85 c0 0f
0x00007ff91b5d52cc:   84 0b fe ff ff 4c 8d 05 18 69 2c 00 33 d2 8d 4a
0x00007ff91b5d52dc:   02 e8 4e 92 fd ff 48 8b f8 48 89 44 24 50 e9 ed
0x00007ff91b5d52ec:   fd ff ff 45 33 c0 49 8b d7 48 83 c9 ff e8 72 67
0x00007ff91b5d52fc:   01 00 e9 08 ff ff ff 48 8b 0d 0e 49 2f 00 e8 c1
0x00007ff91b5d530c:   10 fd ff 48 8b cf e8 79 ea fb ff e9 f8 fe ff ff
0x00007ff91b5d531c:   49 8b ce e8 6c ea fb ff e9 f4 fe ff ff 48 8b ce
0x00007ff91b5d532c:   e8 5f ea fb ff e9 f0 fe ff ff cc cc 71 18 d3 7a
0x00007ff91b5d533c:   1a 87 89 f9 48 81 ec d8 00 00 00 48 8b 05 32 1c
0x00007ff91b5d534c:   2f 00 48 33 c4 48 89 84 24 c0 00 00 00 48 83 64
0x00007ff91b5d535c:   24 28 00 48 8d 05 da ff ff ff 83 e2 01 89 4c 24
0x00007ff91b5d536c:   20 89 54 24 24 48 89 44 24 30 4d 85 c9 74 4f b8
0x00007ff91b5d537c:   0f 00 00 00 48 8d 4c 24 40 44 3b c0 49 8b d1 41
0x00007ff91b5d538c:   0f 46 c0 44 8b c0 44 89 44 24 38 49 c1 e0 03 e8
0x00007ff91b5d539c:   97 f5 05 00 48 8d 4c 24 20 48 ff 15 b4 b6 1f 00
0x00007ff91b5d53ac:   0f 1f 44 00 00 48 8b 8c 24 c0 00 00 00 48 33 cc
0x00007ff91b5d53bc:   e8 8f 2d 05 00 48 81 c4 d8 00 00 00 c3 cc 83 64
0x00007ff91b5d53cc:   24 38 00 eb cf cc cc cc cc cc cc cc 48 8b c4 48
0x00007ff91b5d53dc:   89 58 08 48 89 70 10 48 89 78 18 4c 89 68 20 55
0x00007ff91b5d53ec:   41 56 41 57 48 8d 68 a1 48 81 ec e0 00 00 00 48
0x00007ff91b5d53fc:   8b 05 7e 1b 2f 00 48 33 c4 48 89 45 3f 45 33 ff
0x00007ff91b5d540c:   66 c7 45 2b 00 05 48 8d 45 c7 44 89 7d 27 48 89
0x00007ff91b5d541c:   44 24 50 48 8d 4d 27 44 89 7c 24 48 45 33 c9 44
0x00007ff91b5d542c:   89 7c 24 40 45 8d 47 12 44 89 7c 24 38 b2 01 44
0x00007ff91b5d543c:   89 7c 24 30 41 8b df 44 89 7c 24 28 41 8b ff 44
0x00007ff91b5d544c:   89 7c 24 20 45 8b f7 44 89 7d 2f 66 c7 45 33 00
0x00007ff91b5d545c:   01 44 89 7d 37 66 c7 45 3b 00 10 4c 89 7d c7 4c
0x00007ff91b5d546c:   89 7d cf 4c 89 7d d7 4c 89 7d df 48 ff 15 02 b7
0x00007ff91b5d547c:   1f 00 0f 1f 44 00 00 85 c0 0f 88 a7 02 00 00 48
0x00007ff91b5d548c:   8d 45 cf 41 b9 20 02 00 00 48 89 44 24 50 45 8d
0x00007ff91b5d549c:   6f 02 44 89 7c 24 48 45 8d 47 20 44 89 7c 24 40 


Stack slot to memory mapping:
stack at sp + 0 slots: 0x000001935b690d50 points into unknown readable memory: 0x0000000000320000 | 00 00 32 00 00 00 00 00
stack at sp + 1 slots: 0x00007ff8dad35470 librocksdbjni6771509635721234217.dll
stack at sp + 2 slots: 0x0000004afcbfb980 is pointing into the stack for thread: 0x000001935b98b230
stack at sp + 3 slots: 0x0000000000000010 is an unknown value
stack at sp + 4 slots: 0x00000081e06d7363 is an unknown value
stack at sp + 5 slots: 0x0 is NULL
stack at sp + 6 slots: 0x00007ff91b5d53ac KERNELBASE.dll
stack at sp + 7 slots: 0x0000000000000004 is an unknown value


---------------  P R O C E S S  ---------------

Threads class SMR info:
_java_thread_list=0x000001934744b650, length=19, elements={
0x000001935b98b230, 0x00000193007416c0, 0x0000019300742450, 0x0000019300804d80,
0x0000019300806860, 0x0000019300809140, 0x0000019300809a10, 0x000001930081bf10,
0x000001930081c820, 0x0000019300759d10, 0x00000193008e4720, 0x00000193009a0480,
0x00000193009f1600, 0x0000019300bf54a0, 0x000001930095b610, 0x0000019347342860,
0x0000019347b523f0, 0x000001934836c1e0, 0x000001934836c6f0
}

Java Threads: ( => current thread )
=>0x000001935b98b230 JavaThread "main" [_thread_in_native, id=4636, stack(0x0000004afcb00000,0x0000004afcc00000)]
  0x00000193007416c0 JavaThread "Reference Handler" daemon [_thread_blocked, id=25284, stack(0x0000004afd200000,0x0000004afd300000)]
  0x0000019300742450 JavaThread "Finalizer" daemon [_thread_blocked, id=19000, stack(0x0000004afd300000,0x0000004afd400000)]
  0x0000019300804d80 JavaThread "Signal Dispatcher" daemon [_thread_blocked, id=15112, stack(0x0000004afd400000,0x0000004afd500000)]
  0x0000019300806860 JavaThread "Attach Listener" daemon [_thread_blocked, id=3968, stack(0x0000004afd500000,0x0000004afd600000)]
  0x0000019300809140 JavaThread "Service Thread" daemon [_thread_blocked, id=13548, stack(0x0000004afd600000,0x0000004afd700000)]
  0x0000019300809a10 JavaThread "Monitor Deflation Thread" daemon [_thread_blocked, id=24000, stack(0x0000004afd700000,0x0000004afd800000)]
  0x000001930081bf10 JavaThread "C2 CompilerThread0" daemon [_thread_blocked, id=9448, stack(0x0000004afd800000,0x0000004afd900000)]
  0x000001930081c820 JavaThread "C1 CompilerThread0" daemon [_thread_blocked, id=800, stack(0x0000004afd900000,0x0000004afda00000)]
  0x0000019300759d10 JavaThread "Sweeper thread" daemon [_thread_blocked, id=10224, stack(0x0000004afda00000,0x0000004afdb00000)]
  0x00000193008e4720 JavaThread "Common-Cleaner" daemon [_thread_blocked, id=15416, stack(0x0000004afdb00000,0x0000004afdc00000)]
  0x00000193009a0480 JavaThread "Monitor Ctrl-Break" daemon [_thread_in_native, id=9168, stack(0x0000004afdc00000,0x0000004afdd00000)]
  0x00000193009f1600 JavaThread "Notification Thread" daemon [_thread_blocked, id=11920, stack(0x0000004afdd00000,0x0000004afde00000)]
  0x0000019300bf54a0 JavaThread "RMI TCP Accept-0" daemon [_thread_in_native, id=7724, stack(0x0000004afc800000,0x0000004afc900000)]
  0x000001930095b610 JavaThread "RMI TCP Connection(1)-10.21.177.225" daemon [_thread_in_native, id=8652, stack(0x0000004afc900000,0x0000004afca00000)]
  0x0000019347342860 JavaThread "RMI Scheduler(0)" daemon [_thread_blocked, id=9524, stack(0x0000004afca00000,0x0000004afcb00000)]
  0x0000019347b523f0 JavaThread "JMX server connection timeout 20" daemon [_thread_blocked, id=20900, stack(0x0000004afe100000,0x0000004afe200000)]
  0x000001934836c1e0 JavaThread "RMI TCP Connection(2)-10.21.177.225" daemon [_thread_in_native, id=19080, stack(0x0000004aff000000,0x0000004aff100000)]
  0x000001934836c6f0 JavaThread "RMI TCP Connection(4)-10.21.177.225" daemon [_thread_blocked, id=5288, stack(0x0000004aff200000,0x0000004aff300000)]

Other Threads:
  0x000001930073ab90 VMThread "VM Thread" [stack: 0x0000004afd100000,0x0000004afd200000] [id=1212]
  0x000001935ba10940 WatcherThread [stack: 0x0000004afde00000,0x0000004afdf00000] [id=19420]
  0x000001935b9f8e70 GCTaskThread "GC Thread#0" [stack: 0x0000004afcc00000,0x0000004afcd00000] [id=11692]
  0x00000193467f7c60 GCTaskThread "GC Thread#1" [stack: 0x0000004afe400000,0x0000004afe500000] [id=16280]
  0x0000019347943f90 GCTaskThread "GC Thread#2" [stack: 0x0000004afe500000,0x0000004afe600000] [id=10156]
  0x0000019347944250 GCTaskThread "GC Thread#3" [stack: 0x0000004afe600000,0x0000004afe700000] [id=10724]
  0x00000193477cebf0 GCTaskThread "GC Thread#4" [stack: 0x0000004afe700000,0x0000004afe800000] [id=2768]
  0x00000193463ecb10 GCTaskThread "GC Thread#5" [stack: 0x0000004afe800000,0x0000004afe900000] [id=21340]
  0x00000193461f30f0 GCTaskThread "GC Thread#6" [stack: 0x0000004afe900000,0x0000004afea00000] [id=11712]
  0x0000019347db7310 GCTaskThread "GC Thread#7" [stack: 0x0000004afea00000,0x0000004afeb00000] [id=5760]
  0x000001935ba09b90 ConcurrentGCThread "G1 Main Marker" [stack: 0x0000004afcd00000,0x0000004afce00000] [id=21000]
  0x000001935ba0a4b0 ConcurrentGCThread "G1 Conc#0" [stack: 0x0000004afce00000,0x0000004afcf00000] [id=14828]
  0x000001935ba4de00 ConcurrentGCThread "G1 Refine#0" [stack: 0x0000004afcf00000,0x0000004afd000000] [id=20612]
  0x0000019347c82140 ConcurrentGCThread "G1 Refine#1" [stack: 0x0000004afe200000,0x0000004afe300000] [id=2520]
  0x00000193498b8f80 ConcurrentGCThread "G1 Refine#2" [stack: 0x0000004afe300000,0x0000004afe400000] [id=21240]
  0x00000193473d0380 ConcurrentGCThread "G1 Refine#3" [stack: 0x0000004afeb00000,0x0000004afec00000] [id=21464]
  0x00000193476cc830 ConcurrentGCThread "G1 Refine#4" [stack: 0x0000004afec00000,0x0000004afed00000] [id=18060]
  0x000001934ca6e4b0 ConcurrentGCThread "G1 Refine#5" [stack: 0x0000004afed00000,0x0000004afee00000] [id=25472]
  0x0000019347b56900 ConcurrentGCThread "G1 Refine#6" [stack: 0x0000004afee00000,0x0000004afef00000] [id=14396]
  0x000001934b3dcc40 ConcurrentGCThread "G1 Refine#7" [stack: 0x0000004afef00000,0x0000004aff000000] [id=15096]
  0x000001935ba4e740 ConcurrentGCThread "G1 Service" [stack: 0x0000004afd000000,0x0000004afd100000] [id=5868]

Threads with active compile tasks:

VM state: not at safepoint (normal execution)

VM Mutex/Monitor currently owned by a thread: None

Heap address: 0x0000000701400000, size: 4076 MB, Compressed Oops mode: Zero based, Oop shift amount: 3

CDS archive(s) mapped at: [0x0000019301000000-0x0000019301bd0000-0x0000019301bd0000), size 12386304, SharedBaseAddress: 0x0000019301000000, ArchiveRelocationMode: 1.
Compressed class space mapped at: 0x0000019302000000-0x0000019342000000, reserved size: 1073741824
Narrow klass base: 0x0000019301000000, Narrow klass shift: 0, Narrow klass range: 0x100000000

GC Precious Log:
 CPUs: 8 total, 8 available
 Memory: 16301M
 Large Page Support: Disabled
 NUMA Support: Disabled
 Compressed Oops: Enabled (Zero based)
 Heap Region Size: 2M
 Heap Min Capacity: 8M
 Heap Initial Capacity: 256M
 Heap Max Capacity: 4076M
 Pre-touch: Disabled
 Parallel Workers: 8
 Concurrent Workers: 2
 Concurrent Refinement Workers: 8
 Periodic GC: Disabled

Heap:
 garbage-first heap   total 628736K, used 186213K [0x0000000701400000, 0x0000000800000000)
  region size 2048K, 4 young (8192K), 0 survivors (0K)
 Metaspace       used 7846K, committed 8192K, reserved 1114112K
  class space    used 809K, committed 960K, reserved 1048576K

Heap Regions: E=young(eden), S=young(survivor), O=old, HS=humongous(starts), HC=humongous(continues), CS=collection set, F=free, OA=open archive, CA=closed archive, TAMS=top-at-mark-start (previous, next)
|   0|0x0000000701400000, 0x0000000701600000, 0x0000000701600000|100%| O|  |TAMS 0x0000000701600000, 0x0000000701400000| Untracked 
|   1|0x0000000701600000, 0x00000007017fffd0, 0x0000000701800000| 99%| O|  |TAMS 0x0000000701600000, 0x0000000701600000| Untracked 
|   2|0x0000000701800000, 0x0000000701a00000, 0x0000000701a00000|100%| O|  |TAMS 0x0000000701800000, 0x0000000701800000| Untracked 
|   3|0x0000000701a00000, 0x0000000701bffff0, 0x0000000701c00000| 99%| O|  |TAMS 0x0000000701a00000, 0x0000000701a00000| Untracked 
|   4|0x0000000701c00000, 0x0000000701dffff0, 0x0000000701e00000| 99%| O|  |TAMS 0x0000000701c00000, 0x0000000701c00000| Untracked 
|   5|0x0000000701e00000, 0x0000000701fffff8, 0x0000000702000000| 99%| O|  |TAMS 0x0000000701e00000, 0x0000000701e00000| Untracked 
|   6|0x0000000702000000, 0x00000007021fffd8, 0x0000000702200000| 99%| O|  |TAMS 0x0000000702000000, 0x0000000702000000| Untracked 
|   7|0x0000000702200000, 0x00000007023ffff8, 0x0000000702400000| 99%| O|  |TAMS 0x0000000702200000, 0x0000000702200000| Untracked 
|   8|0x0000000702400000, 0x00000007025fffe8, 0x0000000702600000| 99%| O|  |TAMS 0x0000000702400000, 0x0000000702400000| Untracked 
|   9|0x0000000702600000, 0x00000007027ffff0, 0x0000000702800000| 99%| O|  |TAMS 0x0000000702600000, 0x0000000702600000| Untracked 
|  10|0x0000000702800000, 0x00000007029fffe0, 0x0000000702a00000| 99%| O|  |TAMS 0x0000000702800000, 0x0000000702800000| Untracked 
|  11|0x0000000702a00000, 0x0000000702c00000, 0x0000000702c00000|100%| O|  |TAMS 0x0000000702a00000, 0x0000000702a00000| Untracked 
|  12|0x0000000702c00000, 0x0000000702dffff8, 0x0000000702e00000| 99%| O|  |TAMS 0x0000000702c00000, 0x0000000702c00000| Untracked 
|  13|0x0000000702e00000, 0x0000000702fffff0, 0x0000000703000000| 99%| O|  |TAMS 0x0000000702e00000, 0x0000000702e00000| Untracked 
|  14|0x0000000703000000, 0x00000007031fffd8, 0x0000000703200000| 99%| O|  |TAMS 0x0000000703000000, 0x0000000703000000| Untracked 
|  15|0x0000000703200000, 0x00000007033fffd0, 0x0000000703400000| 99%| O|  |TAMS 0x0000000703200000, 0x0000000703200000| Untracked 
|  16|0x0000000703400000, 0x00000007035ffff0, 0x0000000703600000| 99%| O|  |TAMS 0x0000000703400000, 0x0000000703400000| Untracked 
|  17|0x0000000703600000, 0x00000007037ffff0, 0x0000000703800000| 99%| O|  |TAMS 0x0000000703600000, 0x0000000703600000| Untracked 
|  18|0x0000000703800000, 0x00000007039ffff0, 0x0000000703a00000| 99%| O|  |TAMS 0x0000000703800000, 0x0000000703800000| Untracked 
|  19|0x0000000703a00000, 0x0000000703bffff0, 0x0000000703c00000| 99%| O|  |TAMS 0x0000000703a00000, 0x0000000703a00000| Untracked 
|  20|0x0000000703c00000, 0x0000000703dfffe0, 0x0000000703e00000| 99%| O|  |TAMS 0x0000000703c00000, 0x0000000703c00000| Untracked 
|  21|0x0000000703e00000, 0x0000000704000000, 0x0000000704000000|100%| O|  |TAMS 0x0000000703e00000, 0x0000000703e00000| Untracked 
|  22|0x0000000704000000, 0x00000007041fffe0, 0x0000000704200000| 99%| O|  |TAMS 0x0000000704000000, 0x0000000704000000| Untracked 
|  23|0x0000000704200000, 0x00000007043ffff8, 0x0000000704400000| 99%| O|  |TAMS 0x0000000704200000, 0x0000000704200000| Untracked 
|  24|0x0000000704400000, 0x00000007045ffff0, 0x0000000704600000| 99%| O|  |TAMS 0x0000000704400000, 0x0000000704400000| Untracked 
|  25|0x0000000704600000, 0x00000007047ffff8, 0x0000000704800000| 99%| O|  |TAMS 0x0000000704600000, 0x0000000704600000| Untracked 
|  26|0x0000000704800000, 0x00000007049ffff0, 0x0000000704a00000| 99%| O|  |TAMS 0x0000000704800000, 0x0000000704800000| Untracked 
|  27|0x0000000704a00000, 0x0000000704c00000, 0x0000000704c00000|100%| O|  |TAMS 0x0000000704a00000, 0x0000000704a00000| Untracked 
|  28|0x0000000704c00000, 0x0000000704dffff8, 0x0000000704e00000| 99%| O|  |TAMS 0x0000000704c00000, 0x0000000704c00000| Untracked 
|  29|0x0000000704e00000, 0x0000000704fffff8, 0x0000000705000000| 99%| O|  |TAMS 0x0000000704e00000, 0x0000000704e00000| Untracked 
|  30|0x0000000705000000, 0x00000007051fffe8, 0x0000000705200000| 99%| O|  |TAMS 0x0000000705000000, 0x0000000705000000| Untracked 
|  31|0x0000000705200000, 0x00000007053fffd8, 0x0000000705400000| 99%| O|  |TAMS 0x0000000705200000, 0x0000000705200000| Untracked 
|  32|0x0000000705400000, 0x00000007055ffff8, 0x0000000705600000| 99%| O|  |TAMS 0x0000000705400000, 0x0000000705400000| Untracked 
|  33|0x0000000705600000, 0x00000007057ffff8, 0x0000000705800000| 99%| O|  |TAMS 0x0000000705600000, 0x0000000705600000| Untracked 
|  34|0x0000000705800000, 0x00000007059fffd8, 0x0000000705a00000| 99%| O|  |TAMS 0x0000000705800000, 0x0000000705800000| Untracked 
|  35|0x0000000705a00000, 0x0000000705bffff8, 0x0000000705c00000| 99%| O|  |TAMS 0x0000000705a00000, 0x0000000705a00000| Untracked 
|  36|0x0000000705c00000, 0x0000000705dffff0, 0x0000000705e00000| 99%| O|  |TAMS 0x0000000705c00000, 0x0000000705c00000| Untracked 
|  37|0x0000000705e00000, 0x0000000705ffffd8, 0x0000000706000000| 99%| O|  |TAMS 0x0000000705e00000, 0x0000000705e00000| Untracked 
|  38|0x0000000706000000, 0x00000007061ffff8, 0x0000000706200000| 99%| O|  |TAMS 0x0000000706000000, 0x0000000706000000| Untracked 
|  39|0x0000000706200000, 0x00000007063ffff0, 0x0000000706400000| 99%| O|  |TAMS 0x0000000706200000, 0x0000000706200000| Untracked 
|  40|0x0000000706400000, 0x00000007065ffff8, 0x0000000706600000| 99%| O|  |TAMS 0x0000000706400000, 0x0000000706400000| Untracked 
|  41|0x0000000706600000, 0x00000007067ffff8, 0x0000000706800000| 99%| O|  |TAMS 0x0000000706600000, 0x0000000706600000| Untracked 
|  42|0x0000000706800000, 0x00000007069ffff0, 0x0000000706a00000| 99%| O|  |TAMS 0x0000000706800000, 0x0000000706800000| Untracked 
|  43|0x0000000706a00000, 0x0000000706c00000, 0x0000000706c00000|100%| O|  |TAMS 0x0000000706a00000, 0x0000000706a00000| Untracked 
|  44|0x0000000706c00000, 0x0000000706dfffb8, 0x0000000706e00000| 99%| O|  |TAMS 0x0000000706c00000, 0x0000000706c00000| Untracked 
|  45|0x0000000706e00000, 0x0000000706fffff8, 0x0000000707000000| 99%| O|  |TAMS 0x0000000706e00000, 0x0000000706e00000| Untracked 
|  46|0x0000000707000000, 0x00000007071fffe8, 0x0000000707200000| 99%| O|  |TAMS 0x0000000707000000, 0x0000000707000000| Untracked 
|  47|0x0000000707200000, 0x0000000707400000, 0x0000000707400000|100%| O|  |TAMS 0x0000000707200000, 0x0000000707200000| Untracked 
|  48|0x0000000707400000, 0x0000000707600000, 0x0000000707600000|100%| O|  |TAMS 0x0000000707400000, 0x0000000707400000| Untracked 
|  49|0x0000000707600000, 0x00000007077ffff8, 0x0000000707800000| 99%| O|  |TAMS 0x0000000707600000, 0x0000000707600000| Untracked 
|  50|0x0000000707800000, 0x00000007078f1120, 0x0000000707a00000| 47%| O|  |TAMS 0x0000000707800000, 0x0000000707800000| Untracked 
|  51|0x0000000707a00000, 0x0000000707a06780, 0x0000000707c00000|  1%| O|  |TAMS 0x0000000707a00000, 0x0000000707a00000| Untracked 
|  52|0x0000000707c00000, 0x0000000707dd4c10, 0x0000000707e00000| 91%| O|  |TAMS 0x0000000707c00000, 0x0000000707c00000| Untracked 
|  53|0x0000000707e00000, 0x0000000707f1a100, 0x0000000708000000| 55%| O|  |TAMS 0x0000000707e00000, 0x0000000707e00000| Untracked 
|  54|0x0000000708000000, 0x00000007080068d8, 0x0000000708200000|  1%| O|  |TAMS 0x0000000708000000, 0x0000000708000000| Untracked 
|  55|0x0000000708200000, 0x00000007083e6df0, 0x0000000708400000| 95%| O|  |TAMS 0x0000000708200000, 0x0000000708200000| Untracked 
|  56|0x0000000708400000, 0x000000070853d3e8, 0x0000000708600000| 61%| O|  |TAMS 0x0000000708400000, 0x0000000708400000| Untracked 
|  57|0x0000000708600000, 0x00000007087fffd0, 0x0000000708800000| 99%| O|  |TAMS 0x0000000708600000, 0x0000000708600000| Untracked 
|  58|0x0000000708800000, 0x0000000708800000, 0x0000000708a00000|  0%| F|  |TAMS 0x0000000708800000, 0x0000000708800000| Untracked 
|  59|0x0000000708a00000, 0x0000000708a00000, 0x0000000708c00000|  0%| F|  |TAMS 0x0000000708a00000, 0x0000000708a00000| Untracked 
|  60|0x0000000708c00000, 0x0000000708e00000, 0x0000000708e00000|100%| O|  |TAMS 0x0000000708e00000, 0x0000000708c00000| Untracked 
|  61|0x0000000708e00000, 0x0000000709000000, 0x0000000709000000|100%| O|  |TAMS 0x0000000709000000, 0x0000000708e00000| Untracked 
|  62|0x0000000709000000, 0x0000000709000000, 0x0000000709200000|  0%| F|  |TAMS 0x0000000709000000, 0x0000000709000000| Untracked 
|  63|0x0000000709200000, 0x0000000709200000, 0x0000000709400000|  0%| F|  |TAMS 0x0000000709200000, 0x0000000709200000| Untracked 
|  64|0x0000000709400000, 0x0000000709600000, 0x0000000709600000|100%| O|  |TAMS 0x0000000709600000, 0x0000000709400000| Untracked 
|  65|0x0000000709600000, 0x0000000709800000, 0x0000000709800000|100%| O|  |TAMS 0x0000000709800000, 0x0000000709600000| Untracked 
|  66|0x0000000709800000, 0x0000000709a00000, 0x0000000709a00000|100%| O|  |TAMS 0x0000000709a00000, 0x0000000709800000| Untracked 
|  67|0x0000000709a00000, 0x0000000709a00000, 0x0000000709c00000|  0%| F|  |TAMS 0x0000000709a00000, 0x0000000709a00000| Untracked 
|  68|0x0000000709c00000, 0x0000000709c00000, 0x0000000709e00000|  0%| F|  |TAMS 0x0000000709c00000, 0x0000000709c00000| Untracked 
|  69|0x0000000709e00000, 0x000000070a000000, 0x000000070a000000|100%| O|  |TAMS 0x000000070a000000, 0x0000000709e00000| Untracked 
|  70|0x000000070a000000, 0x000000070a200000, 0x000000070a200000|100%| O|  |TAMS 0x000000070a200000, 0x000000070a000000| Untracked 
|  71|0x000000070a200000, 0x000000070a400000, 0x000000070a400000|100%| O|  |TAMS 0x000000070a400000, 0x000000070a200000| Untracked 
|  72|0x000000070a400000, 0x000000070a400000, 0x000000070a600000|  0%| F|  |TAMS 0x000000070a400000, 0x000000070a400000| Untracked 
|  73|0x000000070a600000, 0x000000070a600000, 0x000000070a800000|  0%| F|  |TAMS 0x000000070a600000, 0x000000070a600000| Untracked 
|  74|0x000000070a800000, 0x000000070a800000, 0x000000070aa00000|  0%| F|  |TAMS 0x000000070a800000, 0x000000070a800000| Untracked 
|  75|0x000000070aa00000, 0x000000070aa00000, 0x000000070ac00000|  0%| F|  |TAMS 0x000000070aa00000, 0x000000070aa00000| Untracked 
|  76|0x000000070ac00000, 0x000000070ac00000, 0x000000070ae00000|  0%| F|  |TAMS 0x000000070ac00000, 0x000000070ac00000| Untracked 
|  77|0x000000070ae00000, 0x000000070ae00000, 0x000000070b000000|  0%| F|  |TAMS 0x000000070ae00000, 0x000000070ae00000| Untracked 
|  78|0x000000070b000000, 0x000000070b000000, 0x000000070b200000|  0%| F|  |TAMS 0x000000070b000000, 0x000000070b000000| Untracked 
|  79|0x000000070b200000, 0x000000070b200000, 0x000000070b400000|  0%| F|  |TAMS 0x000000070b200000, 0x000000070b200000| Untracked 
|  80|0x000000070b400000, 0x000000070b400000, 0x000000070b600000|  0%| F|  |TAMS 0x000000070b400000, 0x000000070b400000| Untracked 
|  81|0x000000070b600000, 0x000000070b600000, 0x000000070b800000|  0%| F|  |TAMS 0x000000070b600000, 0x000000070b600000| Untracked 
|  82|0x000000070b800000, 0x000000070b8c88d8, 0x000000070ba00000| 39%| O|  |TAMS 0x000000070b800000, 0x000000070b800000| Untracked 
|  83|0x000000070ba00000, 0x000000070ba00000, 0x000000070bc00000|  0%| F|  |TAMS 0x000000070ba00000, 0x000000070ba00000| Untracked 
|  84|0x000000070bc00000, 0x000000070bc00000, 0x000000070be00000|  0%| F|  |TAMS 0x000000070bc00000, 0x000000070bc00000| Untracked 
|  85|0x000000070be00000, 0x000000070be00000, 0x000000070c000000|  0%| F|  |TAMS 0x000000070be00000, 0x000000070be00000| Untracked 
|  86|0x000000070c000000, 0x000000070c000000, 0x000000070c200000|  0%| F|  |TAMS 0x000000070c000000, 0x000000070c000000| Untracked 
|  87|0x000000070c200000, 0x000000070c200000, 0x000000070c400000|  0%| F|  |TAMS 0x000000070c200000, 0x000000070c200000| Untracked 
|  88|0x000000070c400000, 0x000000070c400000, 0x000000070c600000|  0%| F|  |TAMS 0x000000070c400000, 0x000000070c400000| Untracked 
|  89|0x000000070c600000, 0x000000070c600000, 0x000000070c800000|  0%| F|  |TAMS 0x000000070c600000, 0x000000070c600000| Untracked 
|  90|0x000000070c800000, 0x000000070c800000, 0x000000070ca00000|  0%| F|  |TAMS 0x000000070c800000, 0x000000070c800000| Untracked 
|  91|0x000000070ca00000, 0x000000070ca00000, 0x000000070cc00000|  0%| F|  |TAMS 0x000000070ca00000, 0x000000070ca00000| Untracked 
|  92|0x000000070cc00000, 0x000000070cc00000, 0x000000070ce00000|  0%| F|  |TAMS 0x000000070cc00000, 0x000000070cc00000| Untracked 
|  93|0x000000070ce00000, 0x000000070ce00000, 0x000000070d000000|  0%| F|  |TAMS 0x000000070ce00000, 0x000000070ce00000| Untracked 
|  94|0x000000070d000000, 0x000000070d000000, 0x000000070d200000|  0%| F|  |TAMS 0x000000070d000000, 0x000000070d000000| Untracked 
|  95|0x000000070d200000, 0x000000070d200000, 0x000000070d400000|  0%| F|  |TAMS 0x000000070d200000, 0x000000070d200000| Untracked 
|  96|0x000000070d400000, 0x000000070d400000, 0x000000070d600000|  0%| F|  |TAMS 0x000000070d400000, 0x000000070d400000| Untracked 
|  97|0x000000070d600000, 0x000000070d600000, 0x000000070d800000|  0%| F|  |TAMS 0x000000070d600000, 0x000000070d600000| Untracked 
|  98|0x000000070d800000, 0x000000070d800000, 0x000000070da00000|  0%| F|  |TAMS 0x000000070d800000, 0x000000070d800000| Untracked 
|  99|0x000000070da00000, 0x000000070da00000, 0x000000070dc00000|  0%| F|  |TAMS 0x000000070da00000, 0x000000070da00000| Untracked 
| 100|0x000000070dc00000, 0x000000070dc00000, 0x000000070de00000|  0%| F|  |TAMS 0x000000070dc00000, 0x000000070dc00000| Untracked 
| 101|0x000000070de00000, 0x000000070de00000, 0x000000070e000000|  0%| F|  |TAMS 0x000000070de00000, 0x000000070de00000| Untracked 
| 102|0x000000070e000000, 0x000000070e000000, 0x000000070e200000|  0%| F|  |TAMS 0x000000070e000000, 0x000000070e000000| Untracked 
| 103|0x000000070e200000, 0x000000070e200000, 0x000000070e400000|  0%| F|  |TAMS 0x000000070e200000, 0x000000070e200000| Untracked 
| 104|0x000000070e400000, 0x000000070e400000, 0x000000070e600000|  0%| F|  |TAMS 0x000000070e400000, 0x000000070e400000| Untracked 
| 105|0x000000070e600000, 0x000000070e600000, 0x000000070e800000|  0%| F|  |TAMS 0x000000070e600000, 0x000000070e600000| Untracked 
| 106|0x000000070e800000, 0x000000070e800000, 0x000000070ea00000|  0%| F|  |TAMS 0x000000070e800000, 0x000000070e800000| Untracked 
| 107|0x000000070ea00000, 0x000000070ea00000, 0x000000070ec00000|  0%| F|  |TAMS 0x000000070ea00000, 0x000000070ea00000| Untracked 
| 108|0x000000070ec00000, 0x000000070ec00000, 0x000000070ee00000|  0%| F|  |TAMS 0x000000070ec00000, 0x000000070ec00000| Untracked 
| 109|0x000000070ee00000, 0x000000070ee00000, 0x000000070f000000|  0%| F|  |TAMS 0x000000070ee00000, 0x000000070ee00000| Untracked 
| 110|0x000000070f000000, 0x000000070f000000, 0x000000070f200000|  0%| F|  |TAMS 0x000000070f000000, 0x000000070f000000| Untracked 
| 111|0x000000070f200000, 0x000000070f200000, 0x000000070f400000|  0%| F|  |TAMS 0x000000070f200000, 0x000000070f200000| Untracked 
| 112|0x000000070f400000, 0x000000070f400000, 0x000000070f600000|  0%| F|  |TAMS 0x000000070f400000, 0x000000070f400000| Untracked 
| 113|0x000000070f600000, 0x000000070f600000, 0x000000070f800000|  0%| F|  |TAMS 0x000000070f600000, 0x000000070f600000| Untracked 
| 114|0x000000070f800000, 0x000000070f800000, 0x000000070fa00000|  0%| F|  |TAMS 0x000000070f800000, 0x000000070f800000| Untracked 
| 115|0x000000070fa00000, 0x000000070fa00000, 0x000000070fc00000|  0%| F|  |TAMS 0x000000070fa00000, 0x000000070fa00000| Untracked 
| 116|0x000000070fc00000, 0x000000070fc00000, 0x000000070fe00000|  0%| F|  |TAMS 0x000000070fc00000, 0x000000070fc00000| Untracked 
| 117|0x000000070fe00000, 0x000000070fe00000, 0x0000000710000000|  0%| F|  |TAMS 0x000000070fe00000, 0x000000070fe00000| Untracked 
| 118|0x0000000710000000, 0x0000000710000000, 0x0000000710200000|  0%| F|  |TAMS 0x0000000710000000, 0x0000000710000000| Untracked 
| 119|0x0000000710200000, 0x0000000710200000, 0x0000000710400000|  0%| F|  |TAMS 0x0000000710200000, 0x0000000710200000| Untracked 
| 120|0x0000000710400000, 0x0000000710400000, 0x0000000710600000|  0%| F|  |TAMS 0x0000000710400000, 0x0000000710400000| Untracked 
| 121|0x0000000710600000, 0x0000000710600000, 0x0000000710800000|  0%| F|  |TAMS 0x0000000710600000, 0x0000000710600000| Untracked 
| 122|0x0000000710800000, 0x0000000710800000, 0x0000000710a00000|  0%| F|  |TAMS 0x0000000710800000, 0x0000000710800000| Untracked 
| 123|0x0000000710a00000, 0x0000000710a00000, 0x0000000710c00000|  0%| F|  |TAMS 0x0000000710a00000, 0x0000000710a00000| Untracked 
| 124|0x0000000710c00000, 0x0000000710c00000, 0x0000000710e00000|  0%| F|  |TAMS 0x0000000710c00000, 0x0000000710c00000| Untracked 
| 125|0x0000000710e00000, 0x0000000710e00000, 0x0000000711000000|  0%| F|  |TAMS 0x0000000710e00000, 0x0000000710e00000| Untracked 
| 126|0x0000000711000000, 0x0000000711000000, 0x0000000711200000|  0%| F|  |TAMS 0x0000000711000000, 0x0000000711000000| Untracked 
| 127|0x0000000711200000, 0x0000000711200000, 0x0000000711400000|  0%| F|  |TAMS 0x0000000711200000, 0x0000000711200000| Untracked 
| 128|0x0000000711400000, 0x0000000711400000, 0x0000000711600000|  0%| F|  |TAMS 0x0000000711400000, 0x0000000711400000| Untracked 
| 129|0x0000000711600000, 0x0000000711600000, 0x0000000711800000|  0%| F|  |TAMS 0x0000000711600000, 0x0000000711600000| Untracked 
| 130|0x0000000711800000, 0x0000000711800000, 0x0000000711a00000|  0%| F|  |TAMS 0x0000000711800000, 0x0000000711800000| Untracked 
| 131|0x0000000711a00000, 0x0000000711a00000, 0x0000000711c00000|  0%| F|  |TAMS 0x0000000711a00000, 0x0000000711a00000| Untracked 
| 132|0x0000000711c00000, 0x0000000711c00000, 0x0000000711e00000|  0%| F|  |TAMS 0x0000000711c00000, 0x0000000711c00000| Untracked 
| 133|0x0000000711e00000, 0x0000000711e00000, 0x0000000712000000|  0%| F|  |TAMS 0x0000000711e00000, 0x0000000711e00000| Untracked 
| 134|0x0000000712000000, 0x0000000712000000, 0x0000000712200000|  0%| F|  |TAMS 0x0000000712000000, 0x0000000712000000| Untracked 
| 135|0x0000000712200000, 0x0000000712200000, 0x0000000712400000|  0%| F|  |TAMS 0x0000000712200000, 0x0000000712200000| Untracked 
| 136|0x0000000712400000, 0x0000000712400000, 0x0000000712600000|  0%| F|  |TAMS 0x0000000712400000, 0x0000000712400000| Untracked 
| 137|0x0000000712600000, 0x0000000712600000, 0x0000000712800000|  0%| F|  |TAMS 0x0000000712600000, 0x0000000712600000| Untracked 
| 138|0x0000000712800000, 0x0000000712800000, 0x0000000712a00000|  0%| F|  |TAMS 0x0000000712800000, 0x0000000712800000| Untracked 
| 139|0x0000000712a00000, 0x0000000712a00000, 0x0000000712c00000|  0%| F|  |TAMS 0x0000000712a00000, 0x0000000712a00000| Untracked 
| 140|0x0000000712c00000, 0x0000000712c00000, 0x0000000712e00000|  0%| F|  |TAMS 0x0000000712c00000, 0x0000000712c00000| Untracked 
| 141|0x0000000712e00000, 0x0000000712e00000, 0x0000000713000000|  0%| F|  |TAMS 0x0000000712e00000, 0x0000000712e00000| Untracked 
| 142|0x0000000713000000, 0x0000000713000000, 0x0000000713200000|  0%| F|  |TAMS 0x0000000713000000, 0x0000000713000000| Untracked 
| 143|0x0000000713200000, 0x0000000713200000, 0x0000000713400000|  0%| F|  |TAMS 0x0000000713200000, 0x0000000713200000| Untracked 
| 144|0x0000000713400000, 0x0000000713400000, 0x0000000713600000|  0%| F|  |TAMS 0x0000000713400000, 0x0000000713400000| Untracked 
| 145|0x0000000713600000, 0x0000000713600000, 0x0000000713800000|  0%| F|  |TAMS 0x0000000713600000, 0x0000000713600000| Untracked 
| 146|0x0000000713800000, 0x0000000713800000, 0x0000000713a00000|  0%| F|  |TAMS 0x0000000713800000, 0x0000000713800000| Untracked 
| 147|0x0000000713a00000, 0x0000000713a00000, 0x0000000713c00000|  0%| F|  |TAMS 0x0000000713a00000, 0x0000000713a00000| Untracked 
| 148|0x0000000713c00000, 0x0000000713c00000, 0x0000000713e00000|  0%| F|  |TAMS 0x0000000713c00000, 0x0000000713c00000| Untracked 
| 149|0x0000000713e00000, 0x0000000713e00000, 0x0000000714000000|  0%| F|  |TAMS 0x0000000713e00000, 0x0000000713e00000| Untracked 
| 150|0x0000000714000000, 0x0000000714000000, 0x0000000714200000|  0%| F|  |TAMS 0x0000000714000000, 0x0000000714000000| Untracked 
| 151|0x0000000714200000, 0x0000000714200000, 0x0000000714400000|  0%| F|  |TAMS 0x0000000714200000, 0x0000000714200000| Untracked 
| 152|0x0000000714400000, 0x0000000714400000, 0x0000000714600000|  0%| F|  |TAMS 0x0000000714400000, 0x0000000714400000| Untracked 
| 153|0x0000000714600000, 0x0000000714600000, 0x0000000714800000|  0%| F|  |TAMS 0x0000000714600000, 0x0000000714600000| Untracked 
| 154|0x0000000714800000, 0x0000000714800000, 0x0000000714a00000|  0%| F|  |TAMS 0x0000000714800000, 0x0000000714800000| Untracked 
| 155|0x0000000714a00000, 0x0000000714a00000, 0x0000000714c00000|  0%| F|  |TAMS 0x0000000714a00000, 0x0000000714a00000| Untracked 
| 156|0x0000000714c00000, 0x0000000714c00000, 0x0000000714e00000|  0%| F|  |TAMS 0x0000000714c00000, 0x0000000714c00000| Untracked 
| 157|0x0000000714e00000, 0x0000000714e00000, 0x0000000715000000|  0%| F|  |TAMS 0x0000000714e00000, 0x0000000714e00000| Untracked 
| 158|0x0000000715000000, 0x0000000715000000, 0x0000000715200000|  0%| F|  |TAMS 0x0000000715000000, 0x0000000715000000| Untracked 
| 159|0x0000000715200000, 0x0000000715200000, 0x0000000715400000|  0%| F|  |TAMS 0x0000000715200000, 0x0000000715200000| Untracked 
| 160|0x0000000715400000, 0x0000000715400000, 0x0000000715600000|  0%| F|  |TAMS 0x0000000715400000, 0x0000000715400000| Untracked 
| 161|0x0000000715600000, 0x0000000715600000, 0x0000000715800000|  0%| F|  |TAMS 0x0000000715600000, 0x0000000715600000| Untracked 
| 162|0x0000000715800000, 0x0000000715800000, 0x0000000715a00000|  0%| F|  |TAMS 0x0000000715800000, 0x0000000715800000| Untracked 
| 163|0x0000000715a00000, 0x0000000715a00000, 0x0000000715c00000|  0%| F|  |TAMS 0x0000000715a00000, 0x0000000715a00000| Untracked 
| 164|0x0000000715c00000, 0x0000000715c00000, 0x0000000715e00000|  0%| F|  |TAMS 0x0000000715c00000, 0x0000000715c00000| Untracked 
| 165|0x0000000715e00000, 0x0000000715e00000, 0x0000000716000000|  0%| F|  |TAMS 0x0000000715e00000, 0x0000000715e00000| Untracked 
| 166|0x0000000716000000, 0x0000000716000000, 0x0000000716200000|  0%| F|  |TAMS 0x0000000716000000, 0x0000000716000000| Untracked 
| 167|0x0000000716200000, 0x0000000716200000, 0x0000000716400000|  0%| F|  |TAMS 0x0000000716200000, 0x0000000716200000| Untracked 
| 168|0x0000000716400000, 0x0000000716400000, 0x0000000716600000|  0%| F|  |TAMS 0x0000000716400000, 0x0000000716400000| Untracked 
| 169|0x0000000716600000, 0x0000000716600000, 0x0000000716800000|  0%| F|  |TAMS 0x0000000716600000, 0x0000000716600000| Untracked 
| 170|0x0000000716800000, 0x0000000716800000, 0x0000000716a00000|  0%| F|  |TAMS 0x0000000716800000, 0x0000000716800000| Untracked 
| 171|0x0000000716a00000, 0x0000000716a00000, 0x0000000716c00000|  0%| F|  |TAMS 0x0000000716a00000, 0x0000000716a00000| Untracked 
| 172|0x0000000716c00000, 0x0000000716c00000, 0x0000000716e00000|  0%| F|  |TAMS 0x0000000716c00000, 0x0000000716c00000| Untracked 
| 173|0x0000000716e00000, 0x0000000716e00000, 0x0000000717000000|  0%| F|  |TAMS 0x0000000716e00000, 0x0000000716e00000| Untracked 
| 174|0x0000000717000000, 0x0000000717000000, 0x0000000717200000|  0%| F|  |TAMS 0x0000000717000000, 0x0000000717000000| Untracked 
| 175|0x0000000717200000, 0x0000000717200000, 0x0000000717400000|  0%| F|  |TAMS 0x0000000717200000, 0x0000000717200000| Untracked 
| 176|0x0000000717400000, 0x0000000717400000, 0x0000000717600000|  0%| F|  |TAMS 0x0000000717400000, 0x0000000717400000| Untracked 
| 177|0x0000000717600000, 0x0000000717600000, 0x0000000717800000|  0%| F|  |TAMS 0x0000000717600000, 0x0000000717600000| Untracked 
| 178|0x0000000717800000, 0x0000000717800000, 0x0000000717a00000|  0%| F|  |TAMS 0x0000000717800000, 0x0000000717800000| Untracked 
| 179|0x0000000717a00000, 0x0000000717a00000, 0x0000000717c00000|  0%| F|  |TAMS 0x0000000717a00000, 0x0000000717a00000| Untracked 
| 180|0x0000000717c00000, 0x0000000717c00000, 0x0000000717e00000|  0%| F|  |TAMS 0x0000000717c00000, 0x0000000717c00000| Untracked 
| 181|0x0000000717e00000, 0x0000000717e00000, 0x0000000718000000|  0%| F|  |TAMS 0x0000000717e00000, 0x0000000717e00000| Untracked 
| 182|0x0000000718000000, 0x0000000718000000, 0x0000000718200000|  0%| F|  |TAMS 0x0000000718000000, 0x0000000718000000| Untracked 
| 183|0x0000000718200000, 0x0000000718200000, 0x0000000718400000|  0%| F|  |TAMS 0x0000000718200000, 0x0000000718200000| Untracked 
| 184|0x0000000718400000, 0x0000000718400000, 0x0000000718600000|  0%| F|  |TAMS 0x0000000718400000, 0x0000000718400000| Untracked 
| 185|0x0000000718600000, 0x0000000718600000, 0x0000000718800000|  0%| F|  |TAMS 0x0000000718600000, 0x0000000718600000| Untracked 
| 186|0x0000000718800000, 0x0000000718800000, 0x0000000718a00000|  0%| F|  |TAMS 0x0000000718800000, 0x0000000718800000| Untracked 
| 187|0x0000000718a00000, 0x0000000718a00000, 0x0000000718c00000|  0%| F|  |TAMS 0x0000000718a00000, 0x0000000718a00000| Untracked 
| 188|0x0000000718c00000, 0x0000000718c00000, 0x0000000718e00000|  0%| F|  |TAMS 0x0000000718c00000, 0x0000000718c00000| Untracked 
| 189|0x0000000718e00000, 0x0000000718e00000, 0x0000000719000000|  0%| F|  |TAMS 0x0000000718e00000, 0x0000000718e00000| Untracked 
| 190|0x0000000719000000, 0x0000000719000000, 0x0000000719200000|  0%| F|  |TAMS 0x0000000719000000, 0x0000000719000000| Untracked 
| 191|0x0000000719200000, 0x0000000719200000, 0x0000000719400000|  0%| F|  |TAMS 0x0000000719200000, 0x0000000719200000| Untracked 
| 192|0x0000000719400000, 0x0000000719400000, 0x0000000719600000|  0%| F|  |TAMS 0x0000000719400000, 0x0000000719400000| Untracked 
| 193|0x0000000719600000, 0x0000000719600000, 0x0000000719800000|  0%| F|  |TAMS 0x0000000719600000, 0x0000000719600000| Untracked 
| 194|0x0000000719800000, 0x0000000719800000, 0x0000000719a00000|  0%| F|  |TAMS 0x0000000719800000, 0x0000000719800000| Untracked 
| 195|0x0000000719a00000, 0x0000000719a00000, 0x0000000719c00000|  0%| F|  |TAMS 0x0000000719a00000, 0x0000000719a00000| Untracked 
| 196|0x0000000719c00000, 0x0000000719c00000, 0x0000000719e00000|  0%| F|  |TAMS 0x0000000719c00000, 0x0000000719c00000| Untracked 
| 197|0x0000000719e00000, 0x0000000719e00000, 0x000000071a000000|  0%| F|  |TAMS 0x0000000719e00000, 0x0000000719e00000| Untracked 
| 198|0x000000071a000000, 0x000000071a000000, 0x000000071a200000|  0%| F|  |TAMS 0x000000071a000000, 0x000000071a000000| Untracked 
| 199|0x000000071a200000, 0x000000071a200000, 0x000000071a400000|  0%| F|  |TAMS 0x000000071a200000, 0x000000071a200000| Untracked 
| 200|0x000000071a400000, 0x000000071a400000, 0x000000071a600000|  0%| F|  |TAMS 0x000000071a400000, 0x000000071a400000| Untracked 
| 201|0x000000071a600000, 0x000000071a600000, 0x000000071a800000|  0%| F|  |TAMS 0x000000071a600000, 0x000000071a600000| Untracked 
| 202|0x000000071a800000, 0x000000071a800000, 0x000000071aa00000|  0%| F|  |TAMS 0x000000071a800000, 0x000000071a800000| Untracked 
| 203|0x000000071aa00000, 0x000000071aa00000, 0x000000071ac00000|  0%| F|  |TAMS 0x000000071aa00000, 0x000000071aa00000| Untracked 
| 204|0x000000071ac00000, 0x000000071ac00000, 0x000000071ae00000|  0%| F|  |TAMS 0x000000071ac00000, 0x000000071ac00000| Untracked 
| 205|0x000000071ae00000, 0x000000071ae00000, 0x000000071b000000|  0%| F|  |TAMS 0x000000071ae00000, 0x000000071ae00000| Untracked 
| 206|0x000000071b000000, 0x000000071b000000, 0x000000071b200000|  0%| F|  |TAMS 0x000000071b000000, 0x000000071b000000| Untracked 
| 207|0x000000071b200000, 0x000000071b200000, 0x000000071b400000|  0%| F|  |TAMS 0x000000071b200000, 0x000000071b200000| Untracked 
| 208|0x000000071b400000, 0x000000071b400000, 0x000000071b600000|  0%| F|  |TAMS 0x000000071b400000, 0x000000071b400000| Untracked 
| 209|0x000000071b600000, 0x000000071b600000, 0x000000071b800000|  0%| F|  |TAMS 0x000000071b600000, 0x000000071b600000| Untracked 
| 210|0x000000071b800000, 0x000000071b800000, 0x000000071ba00000|  0%| F|  |TAMS 0x000000071b800000, 0x000000071b800000| Untracked 
| 211|0x000000071ba00000, 0x000000071ba00000, 0x000000071bc00000|  0%| F|  |TAMS 0x000000071ba00000, 0x000000071ba00000| Untracked 
| 212|0x000000071bc00000, 0x000000071bc00000, 0x000000071be00000|  0%| F|  |TAMS 0x000000071bc00000, 0x000000071bc00000| Untracked 
| 213|0x000000071be00000, 0x000000071be00000, 0x000000071c000000|  0%| F|  |TAMS 0x000000071be00000, 0x000000071be00000| Untracked 
| 214|0x000000071c000000, 0x000000071c000000, 0x000000071c200000|  0%| F|  |TAMS 0x000000071c000000, 0x000000071c000000| Untracked 
| 215|0x000000071c200000, 0x000000071c200000, 0x000000071c400000|  0%| F|  |TAMS 0x000000071c200000, 0x000000071c200000| Untracked 
| 216|0x000000071c400000, 0x000000071c400000, 0x000000071c600000|  0%| F|  |TAMS 0x000000071c400000, 0x000000071c400000| Untracked 
| 217|0x000000071c600000, 0x000000071c600000, 0x000000071c800000|  0%| F|  |TAMS 0x000000071c600000, 0x000000071c600000| Untracked 
| 218|0x000000071c800000, 0x000000071c800000, 0x000000071ca00000|  0%| F|  |TAMS 0x000000071c800000, 0x000000071c800000| Untracked 
| 219|0x000000071ca00000, 0x000000071ca00000, 0x000000071cc00000|  0%| F|  |TAMS 0x000000071ca00000, 0x000000071ca00000| Untracked 
| 220|0x000000071cc00000, 0x000000071cc00000, 0x000000071ce00000|  0%| F|  |TAMS 0x000000071cc00000, 0x000000071cc00000| Untracked 
| 221|0x000000071ce00000, 0x000000071ce00000, 0x000000071d000000|  0%| F|  |TAMS 0x000000071ce00000, 0x000000071ce00000| Untracked 
| 222|0x000000071d000000, 0x000000071d000000, 0x000000071d200000|  0%| F|  |TAMS 0x000000071d000000, 0x000000071d000000| Untracked 
| 223|0x000000071d200000, 0x000000071d200000, 0x000000071d400000|  0%| F|  |TAMS 0x000000071d200000, 0x000000071d200000| Untracked 
| 224|0x000000071d400000, 0x000000071d400000, 0x000000071d600000|  0%| F|  |TAMS 0x000000071d400000, 0x000000071d400000| Untracked 
| 225|0x000000071d600000, 0x000000071d600000, 0x000000071d800000|  0%| F|  |TAMS 0x000000071d600000, 0x000000071d600000| Untracked 
| 226|0x000000071d800000, 0x000000071d800000, 0x000000071da00000|  0%| F|  |TAMS 0x000000071d800000, 0x000000071d800000| Untracked 
| 227|0x000000071da00000, 0x000000071da00000, 0x000000071dc00000|  0%| F|  |TAMS 0x000000071da00000, 0x000000071da00000| Untracked 
| 228|0x000000071dc00000, 0x000000071dc00000, 0x000000071de00000|  0%| F|  |TAMS 0x000000071dc00000, 0x000000071dc00000| Untracked 
| 229|0x000000071de00000, 0x000000071de00000, 0x000000071e000000|  0%| F|  |TAMS 0x000000071de00000, 0x000000071de00000| Untracked 
| 230|0x000000071e000000, 0x000000071e000000, 0x000000071e200000|  0%| F|  |TAMS 0x000000071e000000, 0x000000071e000000| Untracked 
| 231|0x000000071e200000, 0x000000071e200000, 0x000000071e400000|  0%| F|  |TAMS 0x000000071e200000, 0x000000071e200000| Untracked 
| 232|0x000000071e400000, 0x000000071e400000, 0x000000071e600000|  0%| F|  |TAMS 0x000000071e400000, 0x000000071e400000| Untracked 
| 233|0x000000071e600000, 0x000000071e600000, 0x000000071e800000|  0%| F|  |TAMS 0x000000071e600000, 0x000000071e600000| Untracked 
| 234|0x000000071e800000, 0x000000071e800000, 0x000000071ea00000|  0%| F|  |TAMS 0x000000071e800000, 0x000000071e800000| Untracked 
| 235|0x000000071ea00000, 0x000000071ea00000, 0x000000071ec00000|  0%| F|  |TAMS 0x000000071ea00000, 0x000000071ea00000| Untracked 
| 236|0x000000071ec00000, 0x000000071ec00000, 0x000000071ee00000|  0%| F|  |TAMS 0x000000071ec00000, 0x000000071ec00000| Untracked 
| 237|0x000000071ee00000, 0x000000071ee00000, 0x000000071f000000|  0%| F|  |TAMS 0x000000071ee00000, 0x000000071ee00000| Untracked 
| 238|0x000000071f000000, 0x000000071f000000, 0x000000071f200000|  0%| F|  |TAMS 0x000000071f000000, 0x000000071f000000| Untracked 
| 239|0x000000071f200000, 0x000000071f200000, 0x000000071f400000|  0%| F|  |TAMS 0x000000071f200000, 0x000000071f200000| Untracked 
| 240|0x000000071f400000, 0x000000071f400000, 0x000000071f600000|  0%| F|  |TAMS 0x000000071f400000, 0x000000071f400000| Untracked 
| 241|0x000000071f600000, 0x000000071f600000, 0x000000071f800000|  0%| F|  |TAMS 0x000000071f600000, 0x000000071f600000| Untracked 
| 242|0x000000071f800000, 0x000000071f800000, 0x000000071fa00000|  0%| F|  |TAMS 0x000000071f800000, 0x000000071f800000| Untracked 
| 243|0x000000071fa00000, 0x000000071fa00000, 0x000000071fc00000|  0%| F|  |TAMS 0x000000071fa00000, 0x000000071fa00000| Untracked 
| 244|0x000000071fc00000, 0x000000071fc00000, 0x000000071fe00000|  0%| F|  |TAMS 0x000000071fc00000, 0x000000071fc00000| Untracked 
| 245|0x000000071fe00000, 0x000000071fe00000, 0x0000000720000000|  0%| F|  |TAMS 0x000000071fe00000, 0x000000071fe00000| Untracked 
| 246|0x0000000720000000, 0x0000000720000000, 0x0000000720200000|  0%| F|  |TAMS 0x0000000720000000, 0x0000000720000000| Untracked 
| 247|0x0000000720200000, 0x0000000720200000, 0x0000000720400000|  0%| F|  |TAMS 0x0000000720200000, 0x0000000720200000| Untracked 
| 248|0x0000000720400000, 0x0000000720400000, 0x0000000720600000|  0%| F|  |TAMS 0x0000000720400000, 0x0000000720400000| Untracked 
| 249|0x0000000720600000, 0x0000000720600000, 0x0000000720800000|  0%| F|  |TAMS 0x0000000720600000, 0x0000000720600000| Untracked 
| 250|0x0000000720800000, 0x0000000720800000, 0x0000000720a00000|  0%| F|  |TAMS 0x0000000720800000, 0x0000000720800000| Untracked 
| 251|0x0000000720a00000, 0x0000000720c00000, 0x0000000720c00000|100%| O|  |TAMS 0x0000000720c00000, 0x0000000720a00000| Untracked 
| 252|0x0000000720c00000, 0x0000000720c00000, 0x0000000720e00000|  0%| F|  |TAMS 0x0000000720c00000, 0x0000000720c00000| Untracked 
| 253|0x0000000720e00000, 0x0000000721000000, 0x0000000721000000|100%| O|  |TAMS 0x0000000721000000, 0x0000000720e00000| Untracked 
| 254|0x0000000721000000, 0x0000000721200000, 0x0000000721200000|100%| O|  |TAMS 0x0000000721200000, 0x0000000721000000| Untracked 
| 255|0x0000000721200000, 0x0000000721400000, 0x0000000721400000|100%| O|  |TAMS 0x0000000721400000, 0x0000000721200000| Untracked 
| 256|0x0000000721400000, 0x0000000721600000, 0x0000000721600000|100%| O|  |TAMS 0x0000000721600000, 0x0000000721400000| Untracked 
| 257|0x0000000721600000, 0x0000000721800000, 0x0000000721800000|100%| O|  |TAMS 0x0000000721800000, 0x0000000721600000| Untracked 
| 258|0x0000000721800000, 0x0000000721a00000, 0x0000000721a00000|100%| O|  |TAMS 0x0000000721a00000, 0x0000000721800000| Untracked 
| 259|0x0000000721a00000, 0x0000000721c00000, 0x0000000721c00000|100%| O|  |TAMS 0x0000000721c00000, 0x0000000721a00000| Untracked 
| 260|0x0000000721c00000, 0x0000000721e00000, 0x0000000721e00000|100%| O|  |TAMS 0x0000000721e00000, 0x0000000721c00000| Untracked 
| 261|0x0000000721e00000, 0x0000000722000000, 0x0000000722000000|100%| O|  |TAMS 0x0000000722000000, 0x0000000721e00000| Untracked 
| 262|0x0000000722000000, 0x0000000722200000, 0x0000000722200000|100%| O|  |TAMS 0x0000000722200000, 0x0000000722000000| Untracked 
| 263|0x0000000722200000, 0x0000000722400000, 0x0000000722400000|100%| O|  |TAMS 0x0000000722400000, 0x0000000722200000| Untracked 
| 264|0x0000000722400000, 0x0000000722600000, 0x0000000722600000|100%| O|  |TAMS 0x0000000722600000, 0x0000000722400000| Untracked 
| 265|0x0000000722600000, 0x0000000722800000, 0x0000000722800000|100%| O|  |TAMS 0x0000000722800000, 0x0000000722600000| Untracked 
| 266|0x0000000722800000, 0x0000000722a00000, 0x0000000722a00000|100%| O|  |TAMS 0x0000000722a00000, 0x0000000722800000| Untracked 
| 267|0x0000000722a00000, 0x0000000722c00000, 0x0000000722c00000|100%| O|  |TAMS 0x0000000722c00000, 0x0000000722a00000| Untracked 
| 268|0x0000000722c00000, 0x0000000722e00000, 0x0000000722e00000|100%| O|  |TAMS 0x0000000722e00000, 0x0000000722c00000| Untracked 
| 269|0x0000000722e00000, 0x0000000723000000, 0x0000000723000000|100%| O|  |TAMS 0x0000000723000000, 0x0000000722e00000| Untracked 
| 270|0x0000000723000000, 0x0000000723200000, 0x0000000723200000|100%| O|  |TAMS 0x0000000723200000, 0x0000000723000000| Untracked 
| 271|0x0000000723200000, 0x0000000723400000, 0x0000000723400000|100%| O|  |TAMS 0x0000000723400000, 0x0000000723200000| Untracked 
| 272|0x0000000723400000, 0x0000000723600000, 0x0000000723600000|100%| O|  |TAMS 0x0000000723600000, 0x0000000723400000| Untracked 
| 273|0x0000000723600000, 0x0000000723800000, 0x0000000723800000|100%| O|  |TAMS 0x0000000723800000, 0x0000000723600000| Untracked 
| 274|0x0000000723800000, 0x0000000723a00000, 0x0000000723a00000|100%| O|  |TAMS 0x0000000723a00000, 0x0000000723800000| Untracked 
| 275|0x0000000723a00000, 0x0000000723c00000, 0x0000000723c00000|100%| O|  |TAMS 0x0000000723c00000, 0x0000000723a00000| Untracked 
| 276|0x0000000723c00000, 0x0000000723e00000, 0x0000000723e00000|100%| O|  |TAMS 0x0000000723e00000, 0x0000000723c00000| Untracked 
| 277|0x0000000723e00000, 0x0000000723e00000, 0x0000000724000000|  0%| F|  |TAMS 0x0000000723e00000, 0x0000000723e00000| Untracked 
| 278|0x0000000724000000, 0x0000000724000000, 0x0000000724200000|  0%| F|  |TAMS 0x0000000724000000, 0x0000000724000000| Untracked 
| 279|0x0000000724200000, 0x0000000724200000, 0x0000000724400000|  0%| F|  |TAMS 0x0000000724200000, 0x0000000724200000| Untracked 
| 280|0x0000000724400000, 0x0000000724400000, 0x0000000724600000|  0%| F|  |TAMS 0x0000000724400000, 0x0000000724400000| Untracked 
| 281|0x0000000724600000, 0x0000000724600000, 0x0000000724800000|  0%| F|  |TAMS 0x0000000724600000, 0x0000000724600000| Untracked 
| 282|0x0000000724800000, 0x0000000724800000, 0x0000000724a00000|  0%| F|  |TAMS 0x0000000724800000, 0x0000000724800000| Untracked 
| 283|0x0000000724a00000, 0x0000000724a00000, 0x0000000724c00000|  0%| F|  |TAMS 0x0000000724a00000, 0x0000000724a00000| Untracked 
| 284|0x0000000724c00000, 0x0000000724c00000, 0x0000000724e00000|  0%| F|  |TAMS 0x0000000724c00000, 0x0000000724c00000| Untracked 
| 285|0x0000000724e00000, 0x0000000724e00000, 0x0000000725000000|  0%| F|  |TAMS 0x0000000724e00000, 0x0000000724e00000| Untracked 
| 286|0x0000000725000000, 0x0000000725000000, 0x0000000725200000|  0%| F|  |TAMS 0x0000000725000000, 0x0000000725000000| Untracked 
| 287|0x0000000725200000, 0x0000000725200000, 0x0000000725400000|  0%| F|  |TAMS 0x0000000725200000, 0x0000000725200000| Untracked 
| 288|0x0000000725400000, 0x0000000725400000, 0x0000000725600000|  0%| F|  |TAMS 0x0000000725400000, 0x0000000725400000| Untracked 
| 289|0x0000000725600000, 0x0000000725600000, 0x0000000725800000|  0%| F|  |TAMS 0x0000000725600000, 0x0000000725600000| Untracked 
| 290|0x0000000725800000, 0x0000000725800000, 0x0000000725a00000|  0%| F|  |TAMS 0x0000000725800000, 0x0000000725800000| Untracked 
| 291|0x0000000725a00000, 0x0000000725a00000, 0x0000000725c00000|  0%| F|  |TAMS 0x0000000725a00000, 0x0000000725a00000| Untracked 
| 292|0x0000000725c00000, 0x0000000725c00000, 0x0000000725e00000|  0%| F|  |TAMS 0x0000000725c00000, 0x0000000725c00000| Untracked 
| 293|0x0000000725e00000, 0x0000000725e00000, 0x0000000726000000|  0%| F|  |TAMS 0x0000000725e00000, 0x0000000725e00000| Untracked 
| 294|0x0000000726000000, 0x0000000726000000, 0x0000000726200000|  0%| F|  |TAMS 0x0000000726000000, 0x0000000726000000| Untracked 
| 295|0x0000000726200000, 0x0000000726200000, 0x0000000726400000|  0%| F|  |TAMS 0x0000000726200000, 0x0000000726200000| Untracked 
| 296|0x0000000726400000, 0x0000000726400000, 0x0000000726600000|  0%| F|  |TAMS 0x0000000726400000, 0x0000000726400000| Untracked 
| 297|0x0000000726600000, 0x0000000726600000, 0x0000000726800000|  0%| F|  |TAMS 0x0000000726600000, 0x0000000726600000| Untracked 
| 298|0x0000000726800000, 0x0000000726800000, 0x0000000726a00000|  0%| F|  |TAMS 0x0000000726800000, 0x0000000726800000| Untracked 
| 299|0x0000000726a00000, 0x0000000726a00000, 0x0000000726c00000|  0%| F|  |TAMS 0x0000000726a00000, 0x0000000726a00000| Untracked 
| 300|0x0000000726c00000, 0x0000000726c00000, 0x0000000726e00000|  0%| F|  |TAMS 0x0000000726c00000, 0x0000000726c00000| Untracked 
| 301|0x0000000726e00000, 0x0000000726e00000, 0x0000000727000000|  0%| F|  |TAMS 0x0000000726e00000, 0x0000000726e00000| Untracked 
| 302|0x0000000727000000, 0x0000000727000000, 0x0000000727200000|  0%| F|  |TAMS 0x0000000727000000, 0x0000000727000000| Untracked 
| 303|0x0000000727200000, 0x00000007273cab50, 0x0000000727400000| 89%| E|  |TAMS 0x0000000727200000, 0x0000000727200000| Complete 
| 304|0x0000000727400000, 0x0000000727600000, 0x0000000727600000|100%| E|CS|TAMS 0x0000000727400000, 0x0000000727400000| Complete 
| 305|0x0000000727600000, 0x0000000727800000, 0x0000000727800000|100%| E|CS|TAMS 0x0000000727600000, 0x0000000727600000| Complete 
| 306|0x0000000727800000, 0x0000000727a00000, 0x0000000727a00000|100%| E|CS|TAMS 0x0000000727800000, 0x0000000727800000| Complete 

Card table byte_map: [0x0000019374c70000,0x0000019375470000] _byte_map_base: 0x0000019371466000

Marking Bits (Prev, Next): (CMBitMap*) 0x000001935b9f93e0, (CMBitMap*) 0x000001935b9f93a0
 Prev Bits: [0x0000019379c20000, 0x000001937dbd0000)
 Next Bits: [0x0000019375c70000, 0x0000019379c20000)

Polling page: 0x00000193649d0000

Metaspace:

Usage:
  Non-class:      6.87 MB used.
      Class:    809.71 KB used.
       Both:      7.66 MB used.

Virtual space:
  Non-class space:       64.00 MB reserved,       7.06 MB ( 11%) committed,  1 nodes.
      Class space:        1.00 GB reserved,     960.00 KB ( <1%) committed,  1 nodes.
             Both:        1.06 GB reserved,       8.00 MB ( <1%) committed. 

Chunk freelists:
   Non-Class:  8.81 MB
       Class:  15.00 MB
        Both:  23.81 MB

MaxMetaspaceSize: unlimited
CompressedClassSpaceSize: 1.00 GB
Initial GC threshold: 21.00 MB
Current GC threshold: 21.00 MB
CDS: on
MetaspaceReclaimPolicy: balanced
 - commit_granule_bytes: 65536.
 - commit_granule_words: 8192.
 - virtual_space_node_default_size: 8388608.
 - enlarge_chunks_in_place: 1.
 - new_chunks_are_fully_committed: 0.
 - uncommit_free_chunks: 1.
 - use_allocation_guard: 0.
 - handle_deallocations: 1.


Internal statistics:

num_allocs_failed_limit: 0.
num_arena_births: 320.
num_arena_deaths: 0.
num_vsnodes_births: 2.
num_vsnodes_deaths: 0.
num_space_committed: 128.
num_space_uncommitted: 0.
num_chunks_returned_to_freelist: 0.
num_chunks_taken_from_freelist: 471.
num_chunk_merges: 0.
num_chunk_splits: 245.
num_chunks_enlarged: 74.
num_inconsistent_stats: 0.

CodeHeap 'non-profiled nmethods': size=120000Kb used=1477Kb max_used=1477Kb free=118522Kb
 bounds [0x000001936c4c0000, 0x000001936c730000, 0x00000193739f0000]
CodeHeap 'profiled nmethods': size=120000Kb used=3594Kb max_used=3594Kb free=116405Kb
 bounds [0x00000193649f0000, 0x0000019364d80000, 0x000001936bf20000]
CodeHeap 'non-nmethods': size=5760Kb used=1190Kb max_used=1275Kb free=4569Kb
 bounds [0x000001936bf20000, 0x000001936c190000, 0x000001936c4c0000]
 total_blobs=2481 nmethods=1987 adapters=407
 compilation: enabled
              stopped_count=0, restarted_count=0
 full_count=0

Compilation events (20 events):
Event: 482.431 Thread 0x000001930081bf10 1980       4       java.io.ObjectInputStream::readClassDesc (121 bytes)
Event: 482.598 Thread 0x000001930081bf10 nmethod 1980 0x000001936c620310 code [0x000001936c620ac0, 0x000001936c6279e8]
Event: 486.437 Thread 0x000001930081c820 1981   !   3       java.io.ObjectOutputStream::defaultWriteFields (288 bytes)
Event: 486.438 Thread 0x000001930081c820 nmethod 1981 0x0000019364d6fa10 code [0x0000019364d6fca0, 0x0000019364d709d8]
Event: 494.454 Thread 0x000001930081c820 1982       3       java.nio.charset.CharsetDecoder::<init> (100 bytes)
Event: 494.455 Thread 0x000001930081c820 nmethod 1982 0x0000019364d71090 code [0x0000019364d712a0, 0x0000019364d71978]
Event: 498.466 Thread 0x000001930081bf10 1983       4       java.io.ObjectInputStream$BlockDataInputStream::readUnsignedShort (76 bytes)
Event: 498.469 Thread 0x000001930081bf10 nmethod 1983 0x000001936c62cb90 code [0x000001936c62cd20, 0x000001936c62cf08]
Event: 506.483 Thread 0x000001930081c820 1984       3       java.util.ComparableTimSort::reverseRange (32 bytes)
Event: 506.483 Thread 0x000001930081c820 nmethod 1984 0x0000019364d71b10 code [0x0000019364d71ce0, 0x0000019364d721f8]
Event: 510.496 Thread 0x000001930081c820 1985       3       java.lang.reflect.InvocationTargetException::<init> (14 bytes)
Event: 510.496 Thread 0x000001930081c820 nmethod 1985 0x0000019364d72390 code [0x0000019364d72540, 0x0000019364d727c8]
Event: 518.522 Thread 0x000001930081bf10 1986   !   4       com.sun.jmx.mbeanserver.MBeanIntrospector::invokeM (44 bytes)
Event: 518.566 Thread 0x000001930081bf10 nmethod 1986 0x000001936c62d110 code [0x000001936c62d420, 0x000001936c62ef48]
Event: 522.525 Thread 0x000001930081bf10 1987       4       java.util.Collections$UnmodifiableCollection$1::hasNext (10 bytes)
Event: 522.526 Thread 0x000001930081bf10 nmethod 1987 0x000001936c62fd90 code [0x000001936c62ff20, 0x000001936c630018]
Event: 522.527 Thread 0x000001930081bf10 1988       4       com.sun.jmx.mbeanserver.PerInterface::getAttribute (75 bytes)
Event: 522.534 Thread 0x000001930081bf10 nmethod 1988 0x000001936c630110 code [0x000001936c6302c0, 0x000001936c630ac8]
Event: 522.549 Thread 0x000001930081bf10 1989       4       javax.management.Attribute::<init> (41 bytes)
Event: 522.551 Thread 0x000001930081bf10 nmethod 1989 0x000001936c631010 code [0x000001936c631180, 0x000001936c631478]

GC Heap History (20 events):
Event: 9.945 GC heap before
{Heap before GC invocations=32 (full 0):
 garbage-first heap   total 1030144K, used 695703K [0x0000000701400000, 0x0000000800000000)
  region size 2048K, 301 young (616448K), 22 survivors (45056K)
 Metaspace       used 2706K, committed 2880K, reserved 1114112K
  class space    used 234K, committed 320K, reserved 1048576K
}
Event: 9.969 GC heap after
{Heap after GC invocations=33 (full 0):
 garbage-first heap   total 1157120K, used 135143K [0x0000000701400000, 0x0000000800000000)
  region size 2048K, 24 young (49152K), 24 survivors (49152K)
 Metaspace       used 2706K, committed 2880K, reserved 1114112K
  class space    used 234K, committed 320K, reserved 1048576K
}
Event: 10.652 GC heap before
{Heap before GC invocations=33 (full 0):
 garbage-first heap   total 1157120K, used 780263K [0x0000000701400000, 0x0000000800000000)
  region size 2048K, 339 young (694272K), 24 survivors (49152K)
 Metaspace       used 2706K, committed 2880K, reserved 1114112K
  class space    used 234K, committed 320K, reserved 1048576K
}
Event: 10.674 GC heap after
{Heap after GC invocations=34 (full 0):
 garbage-first heap   total 1157120K, used 141287K [0x0000000701400000, 0x0000000800000000)
  region size 2048K, 27 young (55296K), 27 survivors (55296K)
 Metaspace       used 2706K, committed 2880K, reserved 1114112K
  class space    used 234K, committed 320K, reserved 1048576K
}
Event: 11.213 GC heap before
{Heap before GC invocations=34 (full 0):
 garbage-first heap   total 1157120K, used 780263K [0x0000000701400000, 0x0000000800000000)
  region size 2048K, 339 young (694272K), 27 survivors (55296K)
 Metaspace       used 2706K, committed 2880K, reserved 1114112K
  class space    used 234K, committed 320K, reserved 1048576K
}
Event: 11.243 GC heap after
{Heap after GC invocations=35 (full 0):
 garbage-first heap   total 1157120K, used 150265K [0x0000000701400000, 0x0000000800000000)
  region size 2048K, 25 young (51200K), 25 survivors (51200K)
 Metaspace       used 2706K, committed 2880K, reserved 1114112K
  class space    used 234K, committed 320K, reserved 1048576K
}
Event: 11.740 GC heap before
{Heap before GC invocations=35 (full 0):
 garbage-first heap   total 1157120K, used 793337K [0x0000000701400000, 0x0000000800000000)
  region size 2048K, 339 young (694272K), 25 survivors (51200K)
 Metaspace       used 2706K, committed 2880K, reserved 1114112K
  class space    used 234K, committed 320K, reserved 1048576K
}
Event: 11.763 GC heap after
{Heap after GC invocations=36 (full 0):
 garbage-first heap   total 1157120K, used 160248K [0x0000000701400000, 0x0000000800000000)
  region size 2048K, 26 young (53248K), 26 survivors (53248K)
 Metaspace       used 2706K, committed 2880K, reserved 1114112K
  class space    used 234K, committed 320K, reserved 1048576K
}
Event: 12.217 GC heap before
{Heap before GC invocations=36 (full 0):
 garbage-first heap   total 1157120K, used 801272K [0x0000000701400000, 0x0000000800000000)
  region size 2048K, 339 young (694272K), 26 survivors (53248K)
 Metaspace       used 2706K, committed 2880K, reserved 1114112K
  class space    used 234K, committed 320K, reserved 1048576K
}
Event: 12.242 GC heap after
{Heap after GC invocations=37 (full 0):
 garbage-first heap   total 1157120K, used 170179K [0x0000000701400000, 0x0000000800000000)
  region size 2048K, 27 young (55296K), 27 survivors (55296K)
 Metaspace       used 2706K, committed 2880K, reserved 1114112K
  class space    used 234K, committed 320K, reserved 1048576K
}
Event: 12.737 GC heap before
{Heap before GC invocations=37 (full 0):
 garbage-first heap   total 1157120K, used 809155K [0x0000000701400000, 0x0000000800000000)
  region size 2048K, 339 young (694272K), 27 survivors (55296K)
 Metaspace       used 2706K, committed 2880K, reserved 1114112K
  class space    used 234K, committed 320K, reserved 1048576K
}
Event: 12.762 GC heap after
{Heap after GC invocations=38 (full 0):
 garbage-first heap   total 1277952K, used 177112K [0x0000000701400000, 0x0000000800000000)
  region size 2048K, 27 young (55296K), 27 survivors (55296K)
 Metaspace       used 2706K, committed 2880K, reserved 1114112K
  class space    used 234K, committed 320K, reserved 1048576K
}
Event: 13.357 GC heap before
{Heap before GC invocations=38 (full 0):
 garbage-first heap   total 1277952K, used 887768K [0x0000000701400000, 0x0000000800000000)
  region size 2048K, 374 young (765952K), 27 survivors (55296K)
 Metaspace       used 2706K, committed 2880K, reserved 1114112K
  class space    used 234K, committed 320K, reserved 1048576K
}
Event: 13.383 GC heap after
{Heap after GC invocations=39 (full 0):
 garbage-first heap   total 1277952K, used 190401K [0x0000000701400000, 0x0000000800000000)
  region size 2048K, 29 young (59392K), 29 survivors (59392K)
 Metaspace       used 2706K, committed 2880K, reserved 1114112K
  class space    used 234K, committed 320K, reserved 1048576K
}
Event: 13.890 GC heap before
{Heap before GC invocations=39 (full 0):
 garbage-first heap   total 1277952K, used 896961K [0x0000000701400000, 0x0000000800000000)
  region size 2048K, 374 young (765952K), 29 survivors (59392K)
 Metaspace       used 2706K, committed 2880K, reserved 1114112K
  class space    used 234K, committed 320K, reserved 1048576K
}
Event: 13.917 GC heap after
{Heap after GC invocations=40 (full 0):
 garbage-first heap   total 1277952K, used 198363K [0x0000000701400000, 0x0000000800000000)
  region size 2048K, 29 young (59392K), 29 survivors (59392K)
 Metaspace       used 2706K, committed 2880K, reserved 1114112K
  class space    used 234K, committed 320K, reserved 1048576K
}
Event: 14.414 GC heap before
{Heap before GC invocations=40 (full 0):
 garbage-first heap   total 1277952K, used 904923K [0x0000000701400000, 0x0000000800000000)
  region size 2048K, 374 young (765952K), 29 survivors (59392K)
 Metaspace       used 2706K, committed 2880K, reserved 1114112K
  class space    used 234K, committed 320K, reserved 1048576K
}
Event: 14.441 GC heap after
{Heap after GC invocations=41 (full 0):
 garbage-first heap   total 1277952K, used 208662K [0x0000000701400000, 0x0000000800000000)
  region size 2048K, 29 young (59392K), 29 survivors (59392K)
 Metaspace       used 2706K, committed 2880K, reserved 1114112K
  class space    used 234K, committed 320K, reserved 1048576K
}
Event: 414.876 GC heap before
{Heap before GC invocations=41 (full 0):
 garbage-first heap   total 1277952K, used 798486K [0x0000000701400000, 0x0000000800000000)
  region size 2048K, 318 young (651264K), 29 survivors (59392K)
 Metaspace       used 7715K, committed 7936K, reserved 1114112K
  class space    used 790K, committed 896K, reserved 1048576K
}
Event: 416.960 GC heap after
{Heap after GC invocations=42 (full 1):
 garbage-first heap   total 628736K, used 180069K [0x0000000701400000, 0x0000000800000000)
  region size 2048K, 0 young (0K), 0 survivors (0K)
 Metaspace       used 7715K, committed 7936K, reserved 1114112K
  class space    used 790K, committed 896K, reserved 1048576K
}

Deoptimization events (20 events):
Event: 186.325 Thread 0x000001930095b610 Uncommon trap: trap_request=0xffffff3d fr.pc=0x000001936c5a5ef8 relative=0x00000000000003d8
Event: 186.325 Thread 0x000001930095b610 Uncommon trap: reason=unstable_fused_if action=reinterpret pc=0x000001936c5a5ef8 method=java.io.ObjectOutputStream$BlockDataOutputStream.getUTFLength(Ljava/lang/String;)J @ 66 c2
Event: 186.325 Thread 0x000001930095b610 DEOPT PACKING pc=0x000001936c5a5ef8 sp=0x0000004afc9fdfc0
Event: 186.325 Thread 0x000001930095b610 DEOPT UNPACKING pc=0x000001936bf723a3 sp=0x0000004afc9fdf70 mode 2
Event: 189.883 Thread 0x000001934836c1e0 Uncommon trap: trap_request=0xffffff3d fr.pc=0x000001936c5b2858 relative=0x0000000000002958
Event: 189.883 Thread 0x000001934836c1e0 Uncommon trap: reason=unstable_fused_if action=reinterpret pc=0x000001936c5b2858 method=java.io.ObjectOutputStream$BlockDataOutputStream.getUTFLength(Ljava/lang/String;)J @ 66 c2
Event: 189.883 Thread 0x000001934836c1e0 DEOPT PACKING pc=0x000001936c5b2858 sp=0x0000004aff0fe310
Event: 189.883 Thread 0x000001934836c1e0 DEOPT UNPACKING pc=0x000001936bf723a3 sp=0x0000004aff0fe1a8 mode 2
Event: 213.673 Thread 0x000001934836a890 Uncommon trap: trap_request=0xffffff45 fr.pc=0x000001936c5a9b78 relative=0x00000000000001d8
Event: 213.673 Thread 0x000001934836a890 Uncommon trap: reason=unstable_if action=reinterpret pc=0x000001936c5a9b78 method=java.io.BufferedInputStream.read()I @ 23 c2
Event: 213.673 Thread 0x000001934836a890 DEOPT PACKING pc=0x000001936c5a9b78 sp=0x0000004aff1fef70
Event: 213.673 Thread 0x000001934836a890 DEOPT UNPACKING pc=0x000001936bf723a3 sp=0x0000004aff1fef28 mode 2
Event: 416.997 Thread 0x00000193009f1600 Uncommon trap: trap_request=0xffffff45 fr.pc=0x000001936c60fc34 relative=0x0000000000000114
Event: 416.997 Thread 0x00000193009f1600 Uncommon trap: reason=unstable_if action=reinterpret pc=0x000001936c60fc34 method=java.lang.reflect.AccessibleObject.verifyAccess(Ljava/lang/Class;Ljava/lang/Class;Ljava/lang/Class;I)Z @ 8 c2
Event: 416.997 Thread 0x00000193009f1600 DEOPT PACKING pc=0x000001936c60fc34 sp=0x0000004afddfda90
Event: 416.997 Thread 0x00000193009f1600 DEOPT UNPACKING pc=0x000001936bf723a3 sp=0x0000004afddfd9f8 mode 2
Event: 485.709 Thread 0x000001930095b610 Uncommon trap: trap_request=0xffffff45 fr.pc=0x000001936c5dbf6c relative=0x00000000000016ac
Event: 485.709 Thread 0x000001930095b610 Uncommon trap: reason=unstable_if action=reinterpret pc=0x000001936c5dbf6c method=java.io.ObjectStreamClass$FieldReflector.getPrimFieldValues(Ljava/lang/Object;[B)V @ 44 c2
Event: 485.709 Thread 0x000001930095b610 DEOPT PACKING pc=0x000001936c5dbf6c sp=0x0000004afc9fe200
Event: 485.709 Thread 0x000001930095b610 DEOPT UNPACKING pc=0x000001936bf723a3 sp=0x0000004afc9fe0c8 mode 2

Classes unloaded (0 events):
No events

Classes redefined (0 events):
No events

Internal exceptions (20 events):
Event: 183.640 Thread 0x000001930095b610 Exception <a 'java/lang/NoSuchMethodError'{0x000000072c567f18}: static [B.<clinit>()V> (0x000000072c567f18) 
thrown [s\open\src\hotspot\share\prims\jni.cpp, line 1107]
Event: 185.646 Thread 0x0000019347b523f0 Exception <a 'java/lang/NoSuchMethodError'{0x000000072c21def8}: 'java.lang.Object java.lang.invoke.Invokers$Holder.linkToTargetMethod(java.lang.Object, long, java.lang.Object)'> (0x000000072c21def8) 
thrown [s\open\src\hotspot\share\interpreter\linkResolver.cpp, line 759]
Event: 185.686 Thread 0x000001930095b610 Exception <a 'java/lang/ClassNotFoundException'{0x000000072c589100}: javax/management/remote/rmi/RMIConnectionImpl_Skel> (0x000000072c589100) 
thrown [s\open\src\hotspot\share\classfile\systemDictionary.cpp, line 256]
Event: 185.768 Thread 0x000001930095b610 Exception <a 'java/lang/NoSuchMethodError'{0x000000072c5cc2e0}: static [Ljavax/management/MBeanAttributeInfo;.<clinit>()V> (0x000000072c5cc2e0) 
thrown [s\open\src\hotspot\share\prims\jni.cpp, line 1107]
Event: 185.769 Thread 0x000001930095b610 Exception <a 'java/lang/NoSuchMethodError'{0x000000072c5db3f0}: static [Ljava/lang/String;.<clinit>()V> (0x000000072c5db3f0) 
thrown [s\open\src\hotspot\share\prims\jni.cpp, line 1107]
Event: 185.769 Thread 0x000001930095b610 Exception <a 'java/lang/NoSuchMethodError'{0x000000072c5dc150}: static [Ljava/lang/Object;.<clinit>()V> (0x000000072c5dc150) 
thrown [s\open\src\hotspot\share\prims\jni.cpp, line 1107]
Event: 185.775 Thread 0x000001930095b610 Exception <a 'java/lang/NoSuchMethodError'{0x000000072c304170}: static [Ljavax/management/MBeanConstructorInfo;.<clinit>()V> (0x000000072c304170) 
thrown [s\open\src\hotspot\share\prims\jni.cpp, line 1107]
Event: 185.775 Thread 0x000001930095b610 Exception <a 'java/lang/NoSuchMethodError'{0x000000072c304f78}: static [Ljavax/management/MBeanNotificationInfo;.<clinit>()V> (0x000000072c304f78) 
thrown [s\open\src\hotspot\share\prims\jni.cpp, line 1107]
Event: 185.775 Thread 0x000001930095b610 Exception <a 'java/lang/NoSuchMethodError'{0x000000072c305d70}: static [Ljavax/management/MBeanOperationInfo;.<clinit>()V> (0x000000072c305d70) 
thrown [s\open\src\hotspot\share\prims\jni.cpp, line 1107]
Event: 185.776 Thread 0x000001930095b610 Exception <a 'java/lang/NoSuchMethodError'{0x000000072c30f4f0}: static [Ljavax/management/MBeanParameterInfo;.<clinit>()V> (0x000000072c30f4f0) 
thrown [s\open\src\hotspot\share\prims\jni.cpp, line 1107]
Event: 186.103 Thread 0x000001930095b610 Exception <a 'java/lang/NoSuchMethodError'{0x000000072c38e928}: 'java.lang.Object java.lang.invoke.DirectMethodHandle$Holder.invokeStaticInit(java.lang.Object, java.lang.Object, java.lang.Object)'> (0x000000072c38e928) 
thrown [s\open\src\hotspot\share\interpreter\linkResolver.cpp, line 759]
Event: 186.165 Thread 0x000001930095b610 Exception <a 'java/lang/NoSuchMethodError'{0x000000072c39a5e0}: static [Ljava/lang/Integer;.<clinit>()V> (0x000000072c39a5e0) 
thrown [s\open\src\hotspot\share\prims\jni.cpp, line 1107]
Event: 186.171 Thread 0x000001930095b610 Exception <a 'java/lang/NoSuchMethodError'{0x000000072c3b2648}: static [Ljavax/management/remote/TargetedNotification;.<clinit>()V> (0x000000072c3b2648) 
thrown [s\open\src\hotspot\share\prims\jni.cpp, line 1107]
Event: 186.188 Thread 0x000001934836a890 Exception <a 'java/lang/NoSuchMethodError'{0x000000072c154f80}: static [J.<clinit>()V> (0x000000072c154f80) 
thrown [s\open\src\hotspot\share\prims\jni.cpp, line 1107]
Event: 186.200 Thread 0x000001934836c1e0 Exception <a 'java/lang/NoSuchMethodError'{0x000000072c099b60}: static [Ljavax/management/openmbean/CompositeData;.<clinit>()V> (0x000000072c099b60) 
thrown [s\open\src\hotspot\share\prims\jni.cpp, line 1107]
Event: 186.269 Thread 0x000001930095b610 Exception <a 'java/lang/reflect/InvocationTargetException'{0x000000072c3d6c18}> (0x000000072c3d6c18) 
thrown [s\open\src\hotspot\share\runtime\reflection.cpp, line 1121]
Event: 186.300 Thread 0x000001930095b610 Exception <a 'java/lang/reflect/InvocationTargetException'{0x000000072c3dce38}> (0x000000072c3dce38) 
thrown [s\open\src\hotspot\share\runtime\reflection.cpp, line 1121]
Event: 189.886 Thread 0x000001934836c1e0 Exception <a 'java/lang/reflect/InvocationTargetException'{0x000000072bc073d8}> (0x000000072bc073d8) 
thrown [s\open\src\hotspot\share\runtime\reflection.cpp, line 1121]
Event: 189.890 Thread 0x000001934836c1e0 Exception <a 'java/lang/reflect/InvocationTargetException'{0x000000072bc12330}> (0x000000072bc12330) 
thrown [s\open\src\hotspot\share\runtime\reflection.cpp, line 1121]
Event: 416.977 Thread 0x00000193009f1600 Exception <a 'java/lang/NoSuchMethodError'{0x000000072784c4f0}: 'java.lang.Object java.lang.invoke.DirectMethodHandle$Holder.invokeInterface(java.lang.Object, java.lang.Object)'> (0x000000072784c4f0) 
thrown [s\open\src\hotspot\share\interpreter\linkResolver.cpp, line 759]

VM Operations (20 events):
Event: 374.913 Executing VM operation: Cleanup
Event: 374.913 Executing VM operation: Cleanup done
Event: 378.965 Executing VM operation: Cleanup
Event: 378.965 Executing VM operation: Cleanup done
Event: 391.100 Executing VM operation: Cleanup
Event: 391.100 Executing VM operation: Cleanup done
Event: 411.288 Executing VM operation: Cleanup
Event: 411.288 Executing VM operation: Cleanup done
Event: 414.847 Executing VM operation: G1CollectFull
Event: 416.960 Executing VM operation: G1CollectFull done
Event: 417.006 Executing VM operation: HandshakeAllThreads
Event: 417.006 Executing VM operation: HandshakeAllThreads done
Event: 418.020 Executing VM operation: Cleanup
Event: 418.020 Executing VM operation: Cleanup done
Event: 431.059 Executing VM operation: Cleanup
Event: 431.059 Executing VM operation: Cleanup done
Event: 451.249 Executing VM operation: Cleanup
Event: 451.249 Executing VM operation: Cleanup done
Event: 522.916 Executing VM operation: Cleanup
Event: 522.916 Executing VM operation: Cleanup done

Events (20 events):
Event: 417.025 loading class jdk/internal/reflect/UnsafeQualifiedFieldAccessorImpl done
Event: 417.025 loading class jdk/internal/reflect/UnsafeQualifiedObjectFieldAccessorImpl done
Event: 417.025 loading class com/sun/management/internal/GcInfoCompositeData$2
Event: 417.025 loading class com/sun/management/internal/GcInfoCompositeData$2 done
Event: 417.025 loading class javax/management/openmbean/TabularDataSupport
Event: 417.026 loading class javax/management/openmbean/TabularDataSupport done
Event: 417.026 loading class java/util/Collections$UnmodifiableMap$UnmodifiableEntrySet
Event: 417.031 loading class java/util/Collections$UnmodifiableMap$UnmodifiableEntrySet done
Event: 417.031 loading class java/util/Collections$UnmodifiableMap$UnmodifiableEntrySet$1
Event: 417.031 loading class java/util/Collections$UnmodifiableMap$UnmodifiableEntrySet$1 done
Event: 417.031 loading class java/util/Collections$UnmodifiableMap$UnmodifiableEntrySet$UnmodifiableEntry
Event: 417.031 loading class java/util/Collections$UnmodifiableMap$UnmodifiableEntrySet$UnmodifiableEntry done
Event: 417.031 loading class sun/management/MemoryUsageCompositeData
Event: 417.031 loading class sun/management/MemoryUsageCompositeData done
Event: 417.032 loading class com/sun/management/internal/GarbageCollectionNotifInfoCompositeData$1
Event: 417.032 loading class com/sun/management/internal/GarbageCollectionNotifInfoCompositeData$1 done
Event: 417.032 loading class com/sun/jmx/remote/internal/ArrayNotificationBuffer$NamedNotification
Event: 417.037 loading class com/sun/jmx/remote/internal/ArrayNotificationBuffer$NamedNotification done
Event: 450.469 loading class jdk/internal/misc/ScopedMemoryAccess$Scope
Event: 450.469 loading class jdk/internal/misc/ScopedMemoryAccess$Scope done


Dynamic libraries:
0x00007ff761c80000 - 0x00007ff761c90000 	D:\Java\jdk-17\bin\java.exe
0x00007ff91e190000 - 0x00007ff91e3a6000 	C:\WINDOWS\SYSTEM32\ntdll.dll
0x00007ff91d030000 - 0x00007ff91d0f4000 	C:\WINDOWS\System32\KERNEL32.DLL
0x00007ff91b570000 - 0x00007ff91b917000 	C:\WINDOWS\System32\KERNELBASE.dll
0x00007ff918810000 - 0x00007ff9188a7000 	C:\WINDOWS\SYSTEM32\apphelp.dll
0x00007ff91bd20000 - 0x00007ff91be31000 	C:\WINDOWS\System32\ucrtbase.dll
0x00007ff903b70000 - 0x00007ff903b89000 	D:\Java\jdk-17\bin\jli.dll
0x00007ff903b50000 - 0x00007ff903b6b000 	D:\Java\jdk-17\bin\VCRUNTIME140.dll
0x00007ff91cf70000 - 0x00007ff91d022000 	C:\WINDOWS\System32\ADVAPI32.dll
0x00007ff91e040000 - 0x00007ff91e0e7000 	C:\WINDOWS\System32\msvcrt.dll
0x00007ff91d820000 - 0x00007ff91d8c8000 	C:\WINDOWS\System32\sechost.dll
0x00007ff91bae0000 - 0x00007ff91bb08000 	C:\WINDOWS\System32\bcrypt.dll
0x00007ff91cb90000 - 0x00007ff91cca5000 	C:\WINDOWS\System32\RPCRT4.dll
0x00007ff91c9d0000 - 0x00007ff91cb7e000 	C:\WINDOWS\System32\USER32.dll
0x00007ff91b990000 - 0x00007ff91b9b6000 	C:\WINDOWS\System32\win32u.dll
0x00007ff901370000 - 0x00007ff901603000 	C:\WINDOWS\WinSxS\amd64_microsoft.windows.common-controls_6595b64144ccf1df_6.0.22621.3235_none_270f74e173860f98\COMCTL32.dll
0x00007ff91d6b0000 - 0x00007ff91d6d9000 	C:\WINDOWS\System32\GDI32.dll
0x00007ff91b9c0000 - 0x00007ff91bad9000 	C:\WINDOWS\System32\gdi32full.dll
0x00007ff91bb10000 - 0x00007ff91bbaa000 	C:\WINDOWS\System32\msvcp_win.dll
0x00007ff912a80000 - 0x00007ff912a8a000 	C:\WINDOWS\SYSTEM32\VERSION.dll
0x00007ff91d6e0000 - 0x00007ff91d711000 	C:\WINDOWS\System32\IMM32.DLL
0x00007ff906910000 - 0x00007ff90691c000 	D:\Java\jdk-17\bin\vcruntime140_1.dll
0x00007ff8c4400000 - 0x00007ff8c448e000 	D:\Java\jdk-17\bin\msvcp140.dll
0x00007ff8b8cd0000 - 0x00007ff8b98b1000 	D:\Java\jdk-17\bin\server\jvm.dll
0x00007ff91d210000 - 0x00007ff91d218000 	C:\WINDOWS\System32\PSAPI.DLL
0x00007ff8fc3b0000 - 0x00007ff8fc3b9000 	C:\WINDOWS\SYSTEM32\WSOCK32.dll
0x00007ff913770000 - 0x00007ff9137a4000 	C:\WINDOWS\SYSTEM32\WINMM.dll
0x00007ff91c950000 - 0x00007ff91c9c1000 	C:\WINDOWS\System32\WS2_32.dll
0x00007ff91a4b0000 - 0x00007ff91a4c8000 	C:\WINDOWS\SYSTEM32\kernel.appcore.dll
0x00007ff903f20000 - 0x00007ff903f2a000 	D:\Java\jdk-17\bin\jimage.dll
0x00007ff911530000 - 0x00007ff911763000 	C:\WINDOWS\SYSTEM32\DBGHELP.DLL
0x00007ff91d220000 - 0x00007ff91d5a8000 	C:\WINDOWS\System32\combase.dll
0x00007ff91ce80000 - 0x00007ff91cf57000 	C:\WINDOWS\System32\OLEAUT32.dll
0x00007ff8f8b80000 - 0x00007ff8f8bb2000 	C:\WINDOWS\SYSTEM32\dbgcore.DLL
0x00007ff91be40000 - 0x00007ff91beb9000 	C:\WINDOWS\System32\bcryptPrimitives.dll
0x00007ff918800000 - 0x00007ff91880e000 	D:\Java\jdk-17\bin\instrument.dll
0x00007ff8dc2d0000 - 0x00007ff8dc2f5000 	D:\Java\jdk-17\bin\java.dll
0x00007ff8c4320000 - 0x00007ff8c43f7000 	D:\Java\jdk-17\bin\jsvml.dll
0x00007ff91c0f0000 - 0x00007ff91c94c000 	C:\WINDOWS\System32\SHELL32.dll
0x00007ff9193c0000 - 0x00007ff919cb9000 	C:\WINDOWS\SYSTEM32\windows.storage.dll
0x00007ff919280000 - 0x00007ff9193be000 	C:\WINDOWS\SYSTEM32\wintypes.dll
0x00007ff91d720000 - 0x00007ff91d813000 	C:\WINDOWS\System32\SHCORE.dll
0x00007ff91c080000 - 0x00007ff91c0de000 	C:\WINDOWS\System32\shlwapi.dll
0x00007ff91b3e0000 - 0x00007ff91b401000 	C:\WINDOWS\SYSTEM32\profapi.dll
0x00007ff8db3a0000 - 0x00007ff8db3b8000 	D:\Java\jdk-17\bin\zip.dll
0x00007ff8ebd90000 - 0x00007ff8ebda9000 	D:\Java\jdk-17\bin\net.dll
0x00007ff914ef0000 - 0x00007ff915026000 	C:\WINDOWS\SYSTEM32\WINHTTP.dll
0x00007ff91a910000 - 0x00007ff91a979000 	C:\WINDOWS\system32\mswsock.dll
0x00007ff8dc2b0000 - 0x00007ff8dc2c6000 	D:\Java\jdk-17\bin\nio.dll
0x00007ff914a40000 - 0x00007ff914a5a000 	D:\IntelliJ IDEA 2023.3.2\bin\breakgen64.dll
0x00007ff91ab40000 - 0x00007ff91ab5b000 	C:\WINDOWS\SYSTEM32\CRYPTSP.dll
0x00007ff91a410000 - 0x00007ff91a445000 	C:\WINDOWS\system32\rsaenh.dll
0x00007ff91a9c0000 - 0x00007ff91a9e8000 	C:\WINDOWS\SYSTEM32\USERENV.dll
0x00007ff91ab60000 - 0x00007ff91ab6c000 	C:\WINDOWS\SYSTEM32\CRYPTBASE.dll
0x00007ff919f20000 - 0x00007ff919f4d000 	C:\WINDOWS\SYSTEM32\IPHLPAPI.DLL
0x00007ff91cb80000 - 0x00007ff91cb89000 	C:\WINDOWS\System32\NSI.dll
0x00007ff914d10000 - 0x00007ff914d29000 	C:\WINDOWS\SYSTEM32\dhcpcsvc6.DLL
0x00007ff914cf0000 - 0x00007ff914d0f000 	C:\WINDOWS\SYSTEM32\dhcpcsvc.DLL
0x00007ff919f90000 - 0x00007ff91a089000 	C:\WINDOWS\SYSTEM32\DNSAPI.dll
0x00007ff8da640000 - 0x00007ff8dadb6000 	C:\Users\Feisdhy\AppData\Local\Temp\librocksdbjni6771509635721234217.dll
0x00007ff904ca0000 - 0x00007ff904caa000 	C:\Windows\System32\rasadhlp.dll
0x00007ff9124f0000 - 0x00007ff912573000 	C:\WINDOWS\System32\fwpuclnt.dll
0x00007ff918790000 - 0x00007ff91879a000 	D:\Java\jdk-17\bin\management.dll
0x00007ff918730000 - 0x00007ff91873b000 	D:\Java\jdk-17\bin\management_ext.dll
0x00007ff913030000 - 0x00007ff913047000 	C:\WINDOWS\system32\napinsp.dll
0x00007ff8f5780000 - 0x00007ff8f579b000 	C:\WINDOWS\system32\pnrpnsp.dll
0x00007ff8f5760000 - 0x00007ff8f5771000 	C:\WINDOWS\System32\winrnr.dll
0x00007ff912ea0000 - 0x00007ff912eb5000 	C:\WINDOWS\system32\wshbth.dll
0x00007ff8f5730000 - 0x00007ff8f5751000 	C:\WINDOWS\system32\nlansp_c.dll

dbghelp: loaded successfully - version: 4.0.5 - missing functions: none
symbol engine: initialized successfully - sym options: 0x614 - pdb path: .;D:\Java\jdk-17\bin;C:\WINDOWS\SYSTEM32;C:\WINDOWS\WinSxS\amd64_microsoft.windows.common-controls_6595b64144ccf1df_6.0.22621.3235_none_270f74e173860f98;D:\Java\jdk-17\bin\server;D:\IntelliJ IDEA 2023.3.2\bin;C:\Users\Feisdhy\AppData\Local\Temp

VM Arguments:
jvm_args: -javaagent:D:\IntelliJ IDEA 2023.3.2\lib\idea_rt.jar=54300:D:\IntelliJ IDEA 2023.3.2\bin -Dfile.encoding=UTF-8 
java_command: blockchain.Main
java_class_path (initial): D:\Project\ZacChain\target\classes;D:\Project\ZacChain\src\main\resources\rocksdbjni-8.9.1.jar
Launcher Type: SUN_STANDARD

[Global flags]
     intx CICompilerCount                          = 4                                         {product} {ergonomic}
     uint ConcGCThreads                            = 2                                         {product} {ergonomic}
     uint G1ConcRefinementThreads                  = 8                                         {product} {ergonomic}
   size_t G1HeapRegionSize                         = 2097152                                   {product} {ergonomic}
    uintx GCDrainStackTargetSize                   = 64                                        {product} {ergonomic}
   size_t InitialHeapSize                          = 268435456                                 {product} {ergonomic}
   size_t MarkStackSize                            = 4194304                                   {product} {ergonomic}
   size_t MaxHeapSize                              = 4273995776                                {product} {ergonomic}
   size_t MaxNewSize                               = 2562719744                                {product} {ergonomic}
   size_t MinHeapDeltaBytes                        = 2097152                                   {product} {ergonomic}
   size_t MinHeapSize                              = 8388608                                   {product} {ergonomic}
    uintx NonNMethodCodeHeapSize                   = 5839372                                {pd product} {ergonomic}
    uintx NonProfiledCodeHeapSize                  = 122909434                              {pd product} {ergonomic}
    uintx ProfiledCodeHeapSize                     = 122909434                              {pd product} {ergonomic}
    uintx ReservedCodeCacheSize                    = 251658240                              {pd product} {ergonomic}
     bool SegmentedCodeCache                       = true                                      {product} {ergonomic}
   size_t SoftMaxHeapSize                          = 4273995776                             {manageable} {ergonomic}
     bool UseCompressedClassPointers               = true                           {product lp64_product} {ergonomic}
     bool UseCompressedOops                        = true                           {product lp64_product} {ergonomic}
     bool UseG1GC                                  = true                                      {product} {ergonomic}
     bool UseLargePagesIndividualAllocation        = false                                  {pd product} {ergonomic}

Logging:
Log output configuration:
 #0: stdout all=warning uptime,level,tags
 #1: stderr all=off uptime,level,tags

Environment Variables:
JAVA_HOME=D:\Java\jdk-1.8
CLASSPATH=.;D:\Java\jdk-1.8\lib\dt.jar;D:\Java\jdk-1.8\lib\tools.jar; 
PATH=C:\Program Files\Common Files\Oracle\Java\javapath;C:\Program Files (x86)\Common Files\Oracle\Java\java8path;C:\Program Files (x86)\Common Files\Oracle\Java\javapath;D:\Python\Scripts\;D:\Python\;C:\WINDOWS\system32;C:\WINDOWS;C:\WINDOWS\System32\Wbem;C:\WINDOWS\System32\WindowsPowerShell\v1.0\;C:\WINDOWS\System32\OpenSSH\;D:\Notepad++;D:\Git\cmd;D:\WinSCP\;D:\Go\bin;D:\GoProject;D:\Java\jdk-1.8\bin;D:\Java\jdk-1.8\jre\bin;D:\mysql;D:\mysql\bin;C:\Program Files\dotnet\;D:\Tomcat-10.0.21\bin;D:\nodejs\;D:\nodejs\node_global;D:\Erlang OTP\bin;C:\Users\Feisdhy\AppData\Local\Microsoft\WindowsApps;D:\GoLand 2023.3.1\bin;D:\PyCharm Community Edition 2023.1\bin;C:\Users\Feisdhy\go\bin;D:\IntelliJ IDEA 2023.3.2\bin;D:\DataGrip 2023.2.2\bin;D:\Microsoft VS Code\bin;C:\Users\\AppData\Roaming\npm;D:\JetBrains Gateway 2023.3\bin;D:\PyCharm 2023.3.1\bin
USERNAME=
OS=Windows_NT
PROCESSOR_IDENTIFIER=Intel64 Family 6 Model 158 Stepping 10, GenuineIntel



---------------  S Y S T E M  ---------------

OS:
 Windows 11 , 64 bit Build 22621 (10.0.22621.3374)
OS uptime: 4 days 22:16 hours
Hyper-V role detected

CPU: total 8 (initial active 8) (4 cores per cpu, 2 threads per core) family 6 model 158 stepping 10 microcode 0xde, cx8, cmov, fxsr, ht, mmx, 3dnowpref, sse, sse2, sse3, ssse3, sse4.1, sse4.2, popcnt, lzcnt, tsc, tscinvbit, avx, avx2, aes, erms, clmul, bmi1, bmi2, adx, fma, vzeroupper, clflush, clflushopt, hv

Memory: 4k page, system-wide physical 16301M (3272M free)
TotalPageFile size 31296M (AvailPageFile size 6M)
current process WorkingSet (physical memory assigned to process): 7730M, peak: 10141M
current process commit charge ("private bytes"): 18255M, peak: 18256M

vm_info: Java HotSpot(TM) 64-Bit Server VM (17.0.9+11-LTS-201) for windows-amd64 JRE (17.0.9+11-LTS-201), built on Oct 10 2023 23:16:06 by "mach5one" with MS VC++ 17.1 (VS2022)

END.
